0 :: System Idle Process :: 0.05859375
4 :: System :: 0.23046875
96 :: Registry :: 9.91015625
464 :: smss.exe :: 1.125
488 :: fontdrvhost.exe :: 1.2421875
680 :: csrss.exe :: 1.92578125
684 :: SgrmBroker.exe :: 4.1640625
728 :: svchost.exe :: 9.49609375
792 :: svchost.exe :: 2.28125
796 :: wininit.exe :: 1.55859375
868 :: services.exe :: 6.09765625
876 :: lsass.exe :: 9.19140625
912 :: svchost.exe :: 3.4921875
948 :: SearchProtocolHost.exe :: 3.16015625
1000 :: svchost.exe :: 0.875
1020 :: svchost.exe :: 20.51953125
1032 :: chrome.exe :: 6.06640625
1236 :: RuntimeBroker.exe :: 2.98046875
1252 :: svchost.exe :: 3.53515625
1264 :: svchost.exe :: 3.57421875
1284 :: SkypeApp.exe :: 14.8984375
1328 :: chrome.exe :: 21.3828125
1444 :: YourPhone.exe :: 13.11328125
1456 :: svchost.exe :: 2.24609375
1472 :: chrome.exe :: 282.6328125
1492 :: svchost.exe :: 7.88671875
1564 :: svchost.exe :: 2.75390625
1596 :: svchost.exe :: 1.51953125
1672 :: atieclxx.exe :: 2.5546875
1676 :: svchost.exe :: 2.97265625
1688 :: svchost.exe :: 1.64453125
1796 :: svchost.exe :: 1.7734375
1804 :: svchost.exe :: 2.55859375
1812 :: svchost.exe :: 1.98828125
1820 :: svchost.exe :: 15.59375
1828 :: svchost.exe :: 4.90625
1836 :: svchost.exe :: 1.9140625
1868 :: svchost.exe :: 3.515625
2024 :: svchost.exe :: 4.2265625
2132 :: svchost.exe :: 1.453125
2156 :: atiesrxx.exe :: 1.44140625
2204 :: svchost.exe :: 1.625
2232 :: svchost.exe :: 2.12890625
2260 :: svchost.exe :: 8.421875
2340 :: svchost.exe :: 13.359375
2368 :: svchost.exe :: 2.38671875
2380 :: conhost.exe :: 6.37109375
2440 :: svchost.exe :: 3.609375
2572 :: svchost.exe :: 3.98828125
2592 :: sihost.exe :: 8.01953125
2620 :: chrome.exe :: 38.43359375
2624 :: svchost.exe :: 3.44921875
2732 :: chrome.exe :: 26.98828125
2736 :: svchost.exe :: 86.63671875
2752 :: svchost.exe :: 2.09765625
2760 :: svchost.exe :: 1.3046875
2776 :: chrome.exe :: 175.1171875
2828 :: MemCompression :: 1.8671875
2860 :: svchost.exe :: 2.01171875
2912 :: svchost.exe :: 1.96484375
2916 :: svchost.exe :: 1.96484375
2984 :: svchost.exe :: 4.73046875
3056 :: svchost.exe :: 7.359375
3068 :: svchost.exe :: 2.5546875
3124 :: svchost.exe :: 1.58203125
3136 :: svchost.exe :: 2.2421875
3256 :: svchost.exe :: 2.51171875
3316 :: epsecurityservice.exe :: 700.6015625
3328 :: svchost.exe :: 7.12890625
3448 :: spoolsv.exe :: 5.3125
3548 :: armsvc.exe :: 1.359375
3560 :: com.docker.service :: 59.74609375
3568 :: svchost.exe :: 5.37109375
3628 :: svchost.exe :: 19.05859375
3636 :: svchost.exe :: 28.51171875
3748 :: chrome.exe :: 86.93359375
3816 :: svchost.exe :: 2.2421875
3848 :: svchost.exe :: 1.53125
3888 :: sqlwriter.exe :: 1.88671875
3900 :: svchost.exe :: 1.5546875
3952 :: svchost.exe :: 1.9140625
3980 :: svchost.exe :: 1.26171875
3992 :: svchost.exe :: 5.48828125
4072 :: svchost.exe :: 4.3046875
4208 :: svchost.exe :: 3.25390625
4248 :: svchost.exe :: 3.41015625
4276 :: svchost.exe :: 1.20703125
4468 :: mongod.exe :: 187.875
4524 :: chrome.exe :: 60.0
4608 :: RuntimeBroker.exe :: 1.5078125
4616 :: chrome.exe :: 188.01953125
4636 :: RuntimeBroker.exe :: 3.62890625
4644 :: svchost.exe :: 4.1484375
4660 :: MicrosoftEdge.exe :: 22.74609375
4664 :: fontdrvhost.exe :: 3.9140625
4720 :: ApplicationFrameHost.exe :: 22.62109375
4784 :: chrome.exe :: 71.4140625
4788 :: jusched.exe :: 2.71875
4808 :: RuntimeBroker.exe :: 3.72265625
4876 :: dwm.exe :: 61.39453125
5248 :: svchost.exe :: 7.13671875
5304 :: svchost.exe :: 7.5234375
5332 :: pycharm64.exe :: 820.1953125
5360 :: svchost.exe :: 12.4375
5396 :: svchost.exe :: 2.13671875
5428 :: MicrosoftEdgeCP.exe :: 5.625
5608 :: chrome.exe :: 56.6171875
5728 :: taskhostw.exe :: 6.0078125
5744 :: svchost.exe :: 5.80859375
5756 :: sqlceip.exe :: 34.890625
5944 :: sqlservr.exe :: 322.76953125
5996 :: AMDRSServ.exe :: 125.375
6000 :: Calculator.exe :: 16.15625
6136 :: conhost.exe :: 7.234375
6160 :: RuntimeBroker.exe :: 8.3984375
6172 :: GameBarFT.exe :: 2.796875
6228 :: RuntimeBroker.exe :: 5.2578125
6236 :: svchost.exe :: 3.75390625
6248 :: firefox.exe :: 32.51953125
6340 :: OneDrive.exe :: 41.51953125
6420 :: svchost.exe :: 2.98828125
6432 :: svchost.exe :: 3.8828125
6460 :: winpty-agent.exe :: 2.1640625
6600 :: chrome.exe :: 65.15234375
6620 :: fdlauncher.exe :: 1.0234375
6644 :: Launchpad.exe :: 58.10546875
6664 :: epconsole.exe :: 29.19921875
6672 :: fdhost.exe :: 2.00390625
6680 :: conhost.exe :: 6.27734375
6800 :: SearchIndexer.exe :: 104.81640625
6824 :: RuntimeBroker.exe :: 4.3828125
6876 :: WinStore.App.exe :: 29.63671875
7004 :: RuntimeBroker.exe :: 10.36328125
7032 :: ctfmon.exe :: 20.88671875
7048 :: svchost.exe :: 3.1953125
7160 :: svchost.exe :: 2.78515625
7196 :: conhost.exe :: 5.54296875
7340 :: svchost.exe :: 6.78125
7528 :: svchost.exe :: 1.63671875
7756 :: epintegrationservice.exe :: 10.046875
7928 :: svchost.exe :: 4.02734375
8200 :: svchost.exe :: 2.9453125
8208 :: SearchUI.exe :: 75.953125
8332 :: chrome.exe :: 203.73046875
8348 :: conhost.exe :: 6.453125
8412 :: bdredline.exe :: 3.8828125
8516 :: svchost.exe :: 3.68359375
8548 :: RuntimeBroker.exe :: 4.25
8688 :: chrome.exe :: 39.23828125
8692 :: amdow.exe :: 2.3125
8780 :: SearchProtocolHost.exe :: 3.8984375
9016 :: chrome.exe :: 58.6328125
9072 :: python.exe :: 6.34765625
9076 :: chrome.exe :: 32.77734375
9160 :: chrome.exe :: 125.828125
9200 :: firefox.exe :: 23.546875
9224 :: chrome.exe :: 32.203125
9380 :: svchost.exe :: 2.46875
9532 :: chrome.exe :: 53.8125
9564 :: SecurityHealthService.exe :: 5.8203125
9644 :: RtkNGUI64.exe :: 5.8046875
9848 :: RadeonSettings.exe :: 217.98046875
9920 :: winlogon.exe :: 2.2265625
9956 :: svchost.exe :: 3.5859375
10008 :: chrome.exe :: 65.3203125
10104 :: chrome.exe :: 36.125
10128 :: SecurityHealthSystray.exe :: 3.234375
10144 :: audiodg.exe :: 10.26171875
10260 :: SettingSyncHost.exe :: 3.828125
10300 :: chrome.exe :: 69.9609375
10352 :: svchost.exe :: 4.3359375
10480 :: chrome.exe :: 45.23828125
10492 :: svchost.exe :: 3.078125
10540 :: chrome.exe :: 49.7109375
10580 :: firefox.exe :: 179.5625
10932 :: chrome.exe :: 58.515625
11000 :: epag.exe :: 9.60546875
11036 :: cmd.exe :: 2.375
11064 :: svchost.exe :: 12.80078125
11112 :: firefox.exe :: 43.609375
11236 :: fsnotifier64.exe :: 0.48046875
11272 :: chrome.exe :: 1.953125
11480 :: svchost.exe :: 19.7265625
11564 :: svchost.exe :: 9.87109375
11772 :: browser_broker.exe :: 1.578125
11948 :: svchost.exe :: 4.6484375
12092 :: chrome.exe :: 42.484375
12104 :: chrome.exe :: 119.52734375
12152 :: firefox.exe :: 70.04296875
12248 :: TrustedInstaller.exe :: 1.7890625
12272 :: chrome.exe :: 41.27734375
12308 :: chrome.exe :: 52.90234375
12392 :: chrome.exe :: 55.76171875
12480 :: LockApp.exe :: 12.66796875
12516 :: taskhostw.exe :: 7.4296875
12696 :: firefox.exe :: 30.0625
12956 :: explorer.exe :: 83.96875
13120 :: chrome.exe :: 73.7421875
13356 :: chrome.exe :: 29.5078125
13360 :: SearchFilterHost.exe :: 3.4765625
13440 :: SkypeBackgroundHost.exe :: 1.98046875
13636 :: MicrosoftEdgeSH.exe :: 3.7890625
13640 :: chrome.exe :: 57.4296875
13644 :: chrome.exe :: 1.734375
13728 :: StartMenuExperienceHost.exe :: 25.17578125
13812 :: csrss.exe :: 2.5078125
13912 :: epprotectedservice.exe :: 6.1015625
13992 :: chrome.exe :: 44.6640625
14028 :: chrome.exe :: 113.44140625
14132 :: RuntimeBroker.exe :: 6.53125
14176 :: python.exe :: 1.03125
14272 :: SystemSettings.exe :: 22.2265625
14352 :: chrome.exe :: 29.89453125
14484 :: svchost.exe :: 8.6171875
14560 :: GameBar.exe :: 22.21875
14664 :: chrome.exe :: 66.0
14776 :: chrome.exe :: 64.9296875
15092 :: chrome.exe :: 66.71484375
15104 :: chrome.exe :: 408.02734375
15176 :: chrome.exe :: 146.06640625
15328 :: chrome.exe :: 798.67578125
15340 :: epupdateservice.exe :: 6.38671875
15588 :: svchost.exe :: 2.98046875
15780 :: smartscreen.exe :: 9.02734375
15944 :: chrome.exe :: 32.70703125
15952 :: chrome.exe :: 32.27734375
16296 :: chrome.exe :: 19.5546875
0 :: System Idle Process :: 0.05859375
4 :: System :: 0.23046875
96 :: Registry :: 9.84765625
464 :: smss.exe :: 1.125
488 :: fontdrvhost.exe :: 1.2421875
680 :: csrss.exe :: 1.92578125
684 :: SgrmBroker.exe :: 3.8984375
728 :: svchost.exe :: 9.4921875
792 :: svchost.exe :: 2.32421875
796 :: wininit.exe :: 1.55859375
868 :: services.exe :: 6.1328125
876 :: lsass.exe :: 9.203125
912 :: svchost.exe :: 3.48828125
1000 :: svchost.exe :: 0.875
1020 :: svchost.exe :: 20.64453125
1032 :: chrome.exe :: 6.0078125
1236 :: RuntimeBroker.exe :: 3.015625
1252 :: svchost.exe :: 3.51171875
1264 :: svchost.exe :: 3.62109375
1284 :: SkypeApp.exe :: 14.8984375
1444 :: YourPhone.exe :: 13.17578125
1456 :: svchost.exe :: 2.26171875
1472 :: chrome.exe :: 289.11328125
1492 :: svchost.exe :: 7.69921875
1564 :: svchost.exe :: 2.75390625
1596 :: svchost.exe :: 1.51953125
1672 :: atieclxx.exe :: 2.58984375
1676 :: svchost.exe :: 2.93359375
1688 :: svchost.exe :: 1.625
1796 :: svchost.exe :: 1.7734375
1804 :: svchost.exe :: 2.42578125
1812 :: svchost.exe :: 1.98828125
1820 :: svchost.exe :: 15.015625
1828 :: svchost.exe :: 4.828125
1836 :: svchost.exe :: 1.92578125
1868 :: svchost.exe :: 3.515625
2024 :: svchost.exe :: 4.1484375
2132 :: svchost.exe :: 1.453125
2156 :: atiesrxx.exe :: 1.44140625
2172 :: python.exe :: 7.6875
2204 :: svchost.exe :: 1.62890625
2232 :: svchost.exe :: 2.2421875
2260 :: svchost.exe :: 8.453125
2340 :: svchost.exe :: 13.234375
2368 :: svchost.exe :: 2.38671875
2380 :: conhost.exe :: 6.37109375
2440 :: svchost.exe :: 3.67578125
2572 :: svchost.exe :: 3.63671875
2592 :: sihost.exe :: 8.07421875
2612 :: svchost.exe :: 2.22265625
2624 :: svchost.exe :: 3.33984375
2736 :: svchost.exe :: 91.54296875
2752 :: svchost.exe :: 1.93359375
2760 :: svchost.exe :: 1.3046875
2828 :: MemCompression :: 1.9453125
2860 :: svchost.exe :: 1.89453125
2912 :: svchost.exe :: 1.9609375
2916 :: svchost.exe :: 1.96484375
2984 :: svchost.exe :: 4.6875
3056 :: svchost.exe :: 7.04296875
3068 :: svchost.exe :: 2.5546875
3124 :: svchost.exe :: 1.58203125
3136 :: svchost.exe :: 2.2421875
3256 :: svchost.exe :: 2.48828125
3316 :: epsecurityservice.exe :: 724.92578125
3328 :: svchost.exe :: 7.5390625
3448 :: spoolsv.exe :: 5.3125
3548 :: armsvc.exe :: 1.359375
3560 :: com.docker.service :: 59.74609375
3568 :: svchost.exe :: 5.3515625
3628 :: svchost.exe :: 18.75
3636 :: svchost.exe :: 30.83984375
3816 :: svchost.exe :: 2.17578125
3848 :: svchost.exe :: 1.53125
3888 :: sqlwriter.exe :: 1.88671875
3900 :: svchost.exe :: 1.5546875
3952 :: svchost.exe :: 1.9140625
3980 :: svchost.exe :: 1.26171875
3992 :: svchost.exe :: 5.4140625
4072 :: svchost.exe :: 4.2265625
4208 :: svchost.exe :: 3.25390625
4248 :: svchost.exe :: 3.36328125
4276 :: svchost.exe :: 1.20703125
4468 :: mongod.exe :: 187.875
4608 :: RuntimeBroker.exe :: 1.5078125
4616 :: chrome.exe :: 187.96875
4636 :: RuntimeBroker.exe :: 3.62890625
4644 :: svchost.exe :: 4.4453125
4660 :: MicrosoftEdge.exe :: 22.74609375
4664 :: fontdrvhost.exe :: 3.94140625
4720 :: ApplicationFrameHost.exe :: 20.41796875
4788 :: jusched.exe :: 2.71875
4808 :: RuntimeBroker.exe :: 3.7890625
4876 :: dwm.exe :: 56.05859375
5248 :: svchost.exe :: 7.13671875
5304 :: svchost.exe :: 7.5234375
5332 :: pycharm64.exe :: 820.8359375
5360 :: svchost.exe :: 11.765625
5396 :: svchost.exe :: 2.0703125
5428 :: MicrosoftEdgeCP.exe :: 5.625
5728 :: taskhostw.exe :: 6.0078125
5744 :: svchost.exe :: 5.80859375
5756 :: sqlceip.exe :: 35.14453125
5944 :: sqlservr.exe :: 314.41015625
5996 :: AMDRSServ.exe :: 125.40234375
6000 :: Calculator.exe :: 16.15625
6136 :: conhost.exe :: 7.234375
6160 :: RuntimeBroker.exe :: 8.1796875
6172 :: GameBarFT.exe :: 2.796875
6228 :: RuntimeBroker.exe :: 5.19140625
6236 :: svchost.exe :: 3.73828125
6248 :: firefox.exe :: 32.51953125
6340 :: OneDrive.exe :: 42.66015625
6420 :: svchost.exe :: 2.921875
6432 :: svchost.exe :: 3.890625
6460 :: winpty-agent.exe :: 2.1640625
6620 :: fdlauncher.exe :: 1.0234375
6644 :: Launchpad.exe :: 58.10546875
6664 :: epconsole.exe :: 29.2421875
6672 :: fdhost.exe :: 1.9765625
6680 :: conhost.exe :: 6.27734375
6800 :: SearchIndexer.exe :: 105.5859375
6824 :: RuntimeBroker.exe :: 4.3125
6876 :: WinStore.App.exe :: 29.63671875
6900 :: python.exe :: 1.03515625
7004 :: RuntimeBroker.exe :: 10.51953125
7032 :: ctfmon.exe :: 23.96875
7048 :: svchost.exe :: 3.25
7160 :: svchost.exe :: 2.78515625
7196 :: conhost.exe :: 5.54296875
7340 :: svchost.exe :: 6.01953125
7756 :: epintegrationservice.exe :: 10.04296875
7912 :: notepad.exe :: 4.19921875
7928 :: svchost.exe :: 4.02734375
8200 :: svchost.exe :: 2.953125
8208 :: SearchUI.exe :: 75.953125
8412 :: bdredline.exe :: 3.8828125
8436 :: SearchFilterHost.exe :: 3.40234375
8516 :: svchost.exe :: 3.68359375
8548 :: RuntimeBroker.exe :: 4.25
8692 :: amdow.exe :: 2.3125
9200 :: firefox.exe :: 23.55078125
9380 :: svchost.exe :: 2.66015625
9564 :: SecurityHealthService.exe :: 5.8203125
9644 :: RtkNGUI64.exe :: 5.8046875
9848 :: RadeonSettings.exe :: 221.32421875
9920 :: winlogon.exe :: 2.5
9956 :: svchost.exe :: 3.55078125
10104 :: chrome.exe :: 36.484375
10128 :: SecurityHealthSystray.exe :: 3.234375
10260 :: SettingSyncHost.exe :: 3.59765625
10352 :: svchost.exe :: 4.3359375
10492 :: svchost.exe :: 3.515625
10540 :: chrome.exe :: 46.28125
10580 :: firefox.exe :: 179.62890625
10720 :: conhost.exe :: 6.4609375
10852 :: SearchProtocolHost.exe :: 3.890625
11000 :: epag.exe :: 9.1171875
11036 :: cmd.exe :: 2.375
11064 :: svchost.exe :: 11.99609375
11112 :: firefox.exe :: 42.2890625
11236 :: fsnotifier64.exe :: 0.48046875
11272 :: chrome.exe :: 1.953125
11480 :: svchost.exe :: 18.9140625
11564 :: svchost.exe :: 9.87109375
11772 :: browser_broker.exe :: 1.578125
11948 :: svchost.exe :: 4.54296875
12152 :: firefox.exe :: 72.66015625
12308 :: chrome.exe :: 52.109375
12480 :: LockApp.exe :: 13.046875
12516 :: taskhostw.exe :: 7.78125
12696 :: firefox.exe :: 30.4140625
12956 :: explorer.exe :: 81.94140625
13440 :: SkypeBackgroundHost.exe :: 1.98046875
13636 :: MicrosoftEdgeSH.exe :: 3.7890625
13644 :: chrome.exe :: 1.73046875
13728 :: StartMenuExperienceHost.exe :: 25.18359375
13812 :: csrss.exe :: 4.36328125
13912 :: epprotectedservice.exe :: 6.10546875
14132 :: RuntimeBroker.exe :: 5.98828125
14272 :: SystemSettings.exe :: 22.2265625
14484 :: svchost.exe :: 8.4921875
14560 :: GameBar.exe :: 22.24609375
15104 :: chrome.exe :: 420.1953125
15176 :: chrome.exe :: 139.1953125
15328 :: chrome.exe :: 389.16796875
15340 :: epupdateservice.exe :: 5.94140625
16292 :: chrome.exe :: 12.796875
0 :: System Idle Process :: 0.05859375
4 :: System :: 0.23046875
96 :: Registry :: 9.84765625
464 :: smss.exe :: 1.125
488 :: fontdrvhost.exe :: 1.2421875
680 :: csrss.exe :: 1.93359375
684 :: SgrmBroker.exe :: 3.61328125
728 :: svchost.exe :: 9.484375
792 :: svchost.exe :: 2.234375
796 :: wininit.exe :: 1.55859375
868 :: services.exe :: 6.09765625
876 :: lsass.exe :: 9.1328125
912 :: svchost.exe :: 3.4375
1000 :: svchost.exe :: 0.875
1020 :: svchost.exe :: 20.54296875
1032 :: chrome.exe :: 6.0078125
1236 :: RuntimeBroker.exe :: 3.015625
1252 :: svchost.exe :: 3.51171875
1264 :: svchost.exe :: 3.609375
1284 :: SkypeApp.exe :: 14.8984375
1444 :: YourPhone.exe :: 13.17578125
1456 :: svchost.exe :: 2.26171875
1472 :: chrome.exe :: 267.6953125
1492 :: svchost.exe :: 7.703125
1564 :: svchost.exe :: 2.75390625
1596 :: svchost.exe :: 1.51953125
1672 :: atieclxx.exe :: 2.58984375
1676 :: svchost.exe :: 2.921875
1688 :: svchost.exe :: 1.625
1796 :: svchost.exe :: 1.7734375
1804 :: svchost.exe :: 2.40625
1812 :: svchost.exe :: 1.98828125
1820 :: svchost.exe :: 14.07421875
1828 :: svchost.exe :: 4.828125
1836 :: svchost.exe :: 1.92578125
1868 :: svchost.exe :: 3.59765625
2024 :: svchost.exe :: 4.0703125
2132 :: svchost.exe :: 1.453125
2156 :: atiesrxx.exe :: 1.44140625
2204 :: svchost.exe :: 1.62890625
2232 :: svchost.exe :: 2.09375
2260 :: svchost.exe :: 8.453125
2340 :: svchost.exe :: 13.328125
2368 :: svchost.exe :: 2.38671875
2380 :: conhost.exe :: 6.37109375
2440 :: svchost.exe :: 3.66796875
2572 :: svchost.exe :: 3.63671875
2592 :: sihost.exe :: 8.04296875
2624 :: svchost.exe :: 3.33984375
2736 :: svchost.exe :: 91.17578125
2752 :: svchost.exe :: 1.93359375
2760 :: svchost.exe :: 1.3046875
2828 :: MemCompression :: 1.9375
2860 :: svchost.exe :: 1.89453125
2912 :: svchost.exe :: 1.9609375
2916 :: svchost.exe :: 1.96484375
2984 :: svchost.exe :: 4.796875
3056 :: svchost.exe :: 7.33984375
3068 :: svchost.exe :: 2.5546875
3124 :: svchost.exe :: 1.58203125
3136 :: svchost.exe :: 2.2421875
3256 :: svchost.exe :: 2.48828125
3316 :: epsecurityservice.exe :: 725.06640625
3328 :: svchost.exe :: 7.5
3448 :: spoolsv.exe :: 5.3125
3548 :: armsvc.exe :: 1.359375
3560 :: com.docker.service :: 59.74609375
3568 :: svchost.exe :: 5.40625
3628 :: svchost.exe :: 18.828125
3636 :: svchost.exe :: 30.8828125
3816 :: svchost.exe :: 2.19140625
3848 :: svchost.exe :: 1.53125
3888 :: sqlwriter.exe :: 1.88671875
3900 :: svchost.exe :: 1.5546875
3952 :: svchost.exe :: 1.9140625
3980 :: svchost.exe :: 1.26171875
3992 :: svchost.exe :: 5.4140625
4072 :: svchost.exe :: 4.18359375
4208 :: svchost.exe :: 3.25390625
4248 :: svchost.exe :: 3.36328125
4276 :: svchost.exe :: 1.20703125
4468 :: mongod.exe :: 187.875
4608 :: RuntimeBroker.exe :: 1.5078125
4616 :: chrome.exe :: 188.61328125
4636 :: RuntimeBroker.exe :: 3.55859375
4644 :: svchost.exe :: 4.45703125
4660 :: MicrosoftEdge.exe :: 22.74609375
4664 :: fontdrvhost.exe :: 3.94140625
4720 :: ApplicationFrameHost.exe :: 20.41796875
4788 :: jusched.exe :: 2.71875
4808 :: RuntimeBroker.exe :: 3.72265625
4876 :: dwm.exe :: 55.2265625
5248 :: svchost.exe :: 7.140625
5304 :: svchost.exe :: 7.5234375
5332 :: pycharm64.exe :: 821.8671875
5360 :: svchost.exe :: 11.765625
5396 :: svchost.exe :: 2.13671875
5428 :: MicrosoftEdgeCP.exe :: 5.625
5728 :: taskhostw.exe :: 6.0078125
5744 :: svchost.exe :: 5.80859375
5756 :: sqlceip.exe :: 35.43359375
5944 :: sqlservr.exe :: 324.20703125
5996 :: AMDRSServ.exe :: 125.3984375
6000 :: Calculator.exe :: 16.15625
6136 :: conhost.exe :: 7.234375
6160 :: RuntimeBroker.exe :: 8.1796875
6172 :: GameBarFT.exe :: 2.82421875
6228 :: RuntimeBroker.exe :: 5.26953125
6236 :: svchost.exe :: 3.765625
6248 :: firefox.exe :: 32.5234375
6340 :: OneDrive.exe :: 42.6484375
6420 :: svchost.exe :: 2.921875
6432 :: svchost.exe :: 3.875
6460 :: winpty-agent.exe :: 2.1640625
6620 :: fdlauncher.exe :: 1.0234375
6644 :: Launchpad.exe :: 58.10546875
6664 :: epconsole.exe :: 29.2421875
6672 :: fdhost.exe :: 1.9765625
6680 :: conhost.exe :: 6.27734375
6800 :: SearchIndexer.exe :: 105.57421875
6824 :: RuntimeBroker.exe :: 4.30859375
6876 :: WinStore.App.exe :: 29.63671875
7004 :: RuntimeBroker.exe :: 10.51953125
7032 :: ctfmon.exe :: 25.09375
7048 :: svchost.exe :: 3.1953125
7160 :: svchost.exe :: 2.83984375
7196 :: conhost.exe :: 5.54296875
7340 :: svchost.exe :: 6.01953125
7756 :: epintegrationservice.exe :: 10.03515625
7912 :: notepad.exe :: 4.19921875
7928 :: svchost.exe :: 3.9765625
8056 :: python.exe :: 1.0390625
8200 :: svchost.exe :: 2.89453125
8208 :: SearchUI.exe :: 75.953125
8388 :: conhost.exe :: 6.453125
8412 :: bdredline.exe :: 3.8828125
8516 :: svchost.exe :: 3.68359375
8548 :: RuntimeBroker.exe :: 4.25
8692 :: amdow.exe :: 2.3125
9200 :: firefox.exe :: 23.51953125
9380 :: svchost.exe :: 2.39453125
9564 :: SecurityHealthService.exe :: 5.8203125
9644 :: RtkNGUI64.exe :: 5.8046875
9848 :: RadeonSettings.exe :: 221.328125
9920 :: winlogon.exe :: 2.57421875
9956 :: svchost.exe :: 3.49609375
10104 :: chrome.exe :: 36.484375
10128 :: SecurityHealthSystray.exe :: 3.234375
10260 :: SettingSyncHost.exe :: 3.625
10352 :: svchost.exe :: 4.3359375
10492 :: svchost.exe :: 3.1015625
10540 :: chrome.exe :: 46.31640625
10580 :: firefox.exe :: 183.40234375
10852 :: SearchProtocolHost.exe :: 4.12890625
11000 :: epag.exe :: 9.1640625
11036 :: cmd.exe :: 2.375
11064 :: svchost.exe :: 11.90625
11112 :: firefox.exe :: 42.33203125
11236 :: fsnotifier64.exe :: 0.48046875
11272 :: chrome.exe :: 1.953125
11480 :: svchost.exe :: 18.91015625
11564 :: svchost.exe :: 9.8203125
11772 :: browser_broker.exe :: 1.578125
11948 :: svchost.exe :: 4.48828125
12152 :: firefox.exe :: 72.71484375
12308 :: chrome.exe :: 52.6875
12480 :: LockApp.exe :: 13.046875
12516 :: taskhostw.exe :: 7.78125
12696 :: firefox.exe :: 30.4921875
12956 :: explorer.exe :: 81.4921875
13440 :: SkypeBackgroundHost.exe :: 1.98046875
13636 :: MicrosoftEdgeSH.exe :: 3.7890625
13644 :: chrome.exe :: 1.703125
13728 :: StartMenuExperienceHost.exe :: 25.18359375
13812 :: csrss.exe :: 4.36328125
13876 :: SearchFilterHost.exe :: 2.6484375
13912 :: epprotectedservice.exe :: 6.10546875
14132 :: RuntimeBroker.exe :: 5.98828125
14272 :: SystemSettings.exe :: 22.2265625
14484 :: svchost.exe :: 8.55859375
14560 :: GameBar.exe :: 22.27734375
15104 :: chrome.exe :: 418.609375
15176 :: chrome.exe :: 139.20703125
15328 :: chrome.exe :: 433.6171875
15340 :: epupdateservice.exe :: 5.94140625
15888 :: python.exe :: 7.33203125
16292 :: chrome.exe :: 12.7578125
0 :: System Idle Process :: 0.05859375
4 :: System :: 0.23046875
96 :: Registry :: 9.3828125
464 :: smss.exe :: 1.125
488 :: fontdrvhost.exe :: 1.2421875
680 :: csrss.exe :: 1.93359375
684 :: SgrmBroker.exe :: 3.671875
728 :: svchost.exe :: 9.4375
792 :: svchost.exe :: 2.31640625
796 :: wininit.exe :: 1.55859375
868 :: services.exe :: 6.046875
876 :: lsass.exe :: 9.1328125
912 :: svchost.exe :: 3.48828125
1000 :: svchost.exe :: 0.92578125
1020 :: svchost.exe :: 20.69921875
1032 :: chrome.exe :: 6.04296875
1236 :: RuntimeBroker.exe :: 3.015625
1252 :: svchost.exe :: 3.5625
1264 :: svchost.exe :: 3.55859375
1284 :: SkypeApp.exe :: 14.8984375
1444 :: YourPhone.exe :: 13.17578125
1456 :: svchost.exe :: 2.3125
1472 :: chrome.exe :: 268.2578125
1492 :: svchost.exe :: 7.69921875
1564 :: svchost.exe :: 2.8046875
1596 :: svchost.exe :: 1.5703125
1672 :: atieclxx.exe :: 2.58984375
1676 :: svchost.exe :: 2.8671875
1688 :: svchost.exe :: 1.6796875
1796 :: svchost.exe :: 1.7734375
1804 :: svchost.exe :: 2.5
1812 :: svchost.exe :: 2.0390625
1820 :: svchost.exe :: 15.0234375
1828 :: svchost.exe :: 4.88671875
1836 :: svchost.exe :: 1.9765625
1868 :: svchost.exe :: 3.59765625
2024 :: svchost.exe :: 4.22265625
2132 :: svchost.exe :: 1.50390625
2156 :: atiesrxx.exe :: 1.44140625
2204 :: svchost.exe :: 1.6796875
2232 :: svchost.exe :: 2.1484375
2260 :: svchost.exe :: 8.453125
2340 :: svchost.exe :: 13.328125
2368 :: svchost.exe :: 2.4375
2380 :: conhost.exe :: 6.37109375
2440 :: svchost.exe :: 3.67578125
2572 :: svchost.exe :: 3.71875
2592 :: sihost.exe :: 8.08203125
2624 :: svchost.exe :: 3.33984375
2736 :: svchost.exe :: 88.609375
2752 :: svchost.exe :: 1.984375
2760 :: svchost.exe :: 1.3046875
2828 :: MemCompression :: 1.9375
2860 :: svchost.exe :: 1.89453125
2912 :: svchost.exe :: 2.01171875
2916 :: svchost.exe :: 2.01953125
2984 :: svchost.exe :: 4.58984375
3056 :: svchost.exe :: 7.078125
3068 :: svchost.exe :: 2.609375
3124 :: svchost.exe :: 1.58203125
3136 :: svchost.exe :: 2.2421875
3256 :: svchost.exe :: 2.54296875
3316 :: epsecurityservice.exe :: 722.3515625
3328 :: svchost.exe :: 7.50390625
3448 :: spoolsv.exe :: 5.3125
3548 :: armsvc.exe :: 1.359375
3560 :: com.docker.service :: 59.74609375
3568 :: svchost.exe :: 5.4140625
3628 :: svchost.exe :: 18.640625
3636 :: svchost.exe :: 30.9609375
3816 :: svchost.exe :: 2.30859375
3848 :: svchost.exe :: 1.58203125
3888 :: sqlwriter.exe :: 1.88671875
3900 :: svchost.exe :: 1.609375
3952 :: svchost.exe :: 1.96484375
3980 :: svchost.exe :: 1.26171875
3992 :: svchost.exe :: 5.41796875
4072 :: svchost.exe :: 4.2265625
4208 :: svchost.exe :: 3.3046875
4248 :: svchost.exe :: 3.3671875
4276 :: svchost.exe :: 1.26171875
4468 :: mongod.exe :: 187.875
4608 :: RuntimeBroker.exe :: 1.5078125
4616 :: chrome.exe :: 189.53125
4636 :: RuntimeBroker.exe :: 3.55859375
4644 :: svchost.exe :: 4.2734375
4660 :: MicrosoftEdge.exe :: 22.74609375
4664 :: fontdrvhost.exe :: 3.94140625
4720 :: ApplicationFrameHost.exe :: 20.41796875
4788 :: jusched.exe :: 2.71875
4808 :: RuntimeBroker.exe :: 3.72265625
4876 :: dwm.exe :: 55.49609375
5248 :: svchost.exe :: 7.13671875
5304 :: svchost.exe :: 7.5234375
5332 :: pycharm64.exe :: 823.0390625
5360 :: svchost.exe :: 11.81640625
5396 :: svchost.exe :: 2.12109375
5428 :: MicrosoftEdgeCP.exe :: 5.625
5728 :: taskhostw.exe :: 6.0078125
5744 :: svchost.exe :: 5.80859375
5756 :: sqlceip.exe :: 35.71875
5944 :: sqlservr.exe :: 332.80859375
5996 :: AMDRSServ.exe :: 125.3984375
6000 :: Calculator.exe :: 16.15625
6136 :: conhost.exe :: 7.234375
6160 :: RuntimeBroker.exe :: 8.1796875
6172 :: GameBarFT.exe :: 2.82421875
6228 :: RuntimeBroker.exe :: 5.19140625
6236 :: svchost.exe :: 3.79296875
6248 :: firefox.exe :: 32.51953125
6340 :: OneDrive.exe :: 42.64453125
6420 :: svchost.exe :: 3.05078125
6432 :: svchost.exe :: 3.890625
6460 :: winpty-agent.exe :: 2.1640625
6620 :: fdlauncher.exe :: 1.0234375
6644 :: Launchpad.exe :: 58.10546875
6664 :: epconsole.exe :: 29.23828125
6672 :: fdhost.exe :: 1.9765625
6680 :: conhost.exe :: 6.27734375
6800 :: SearchIndexer.exe :: 105.58984375
6824 :: RuntimeBroker.exe :: 4.3125
6876 :: WinStore.App.exe :: 29.63671875
7004 :: RuntimeBroker.exe :: 10.51953125
7032 :: ctfmon.exe :: 25.1640625
7048 :: svchost.exe :: 3.1953125
7160 :: svchost.exe :: 2.78515625
7196 :: conhost.exe :: 5.54296875
7340 :: svchost.exe :: 6.0234375
7756 :: epintegrationservice.exe :: 10.04296875
7912 :: notepad.exe :: 4.19921875
7928 :: svchost.exe :: 3.9765625
8200 :: svchost.exe :: 2.9453125
8208 :: SearchUI.exe :: 75.953125
8412 :: bdredline.exe :: 3.8828125
8516 :: svchost.exe :: 3.765625
8548 :: RuntimeBroker.exe :: 4.25
8692 :: amdow.exe :: 2.3125
8928 :: conhost.exe :: 6.453125
9200 :: firefox.exe :: 23.51953125
9380 :: svchost.exe :: 2.56640625
9564 :: SecurityHealthService.exe :: 5.8203125
9644 :: RtkNGUI64.exe :: 5.8046875
9848 :: RadeonSettings.exe :: 221.32421875
9920 :: winlogon.exe :: 2.57421875
9956 :: svchost.exe :: 3.6015625
10104 :: chrome.exe :: 36.484375
10128 :: SecurityHealthSystray.exe :: 3.234375
10260 :: SettingSyncHost.exe :: 3.625
10352 :: svchost.exe :: 4.3359375
10492 :: svchost.exe :: 3.1015625
10540 :: chrome.exe :: 46.296875
10580 :: firefox.exe :: 183.60546875
10852 :: SearchProtocolHost.exe :: 4.41015625
11000 :: epag.exe :: 8.91796875
11036 :: cmd.exe :: 2.375
11064 :: svchost.exe :: 11.765625
11112 :: firefox.exe :: 42.35546875
11236 :: fsnotifier64.exe :: 0.48046875
11272 :: chrome.exe :: 1.953125
11480 :: svchost.exe :: 19.0078125
11564 :: svchost.exe :: 9.8203125
11772 :: browser_broker.exe :: 1.578125
11948 :: svchost.exe :: 4.48828125
12152 :: firefox.exe :: 72.7578125
12308 :: chrome.exe :: 52.6875
12480 :: LockApp.exe :: 13.05078125
12516 :: taskhostw.exe :: 7.5625
12696 :: firefox.exe :: 30.51953125
12956 :: explorer.exe :: 81.12109375
13060 :: SearchFilterHost.exe :: 2.640625
13440 :: SkypeBackgroundHost.exe :: 1.98046875
13636 :: MicrosoftEdgeSH.exe :: 3.7890625
13644 :: chrome.exe :: 1.703125
13728 :: StartMenuExperienceHost.exe :: 25.1875
13812 :: csrss.exe :: 4.36328125
13912 :: epprotectedservice.exe :: 6.10546875
14132 :: RuntimeBroker.exe :: 5.98828125
14272 :: SystemSettings.exe :: 22.2265625
14484 :: svchost.exe :: 8.5625
14560 :: GameBar.exe :: 22.2421875
15104 :: chrome.exe :: 418.48046875
15152 :: svchost.exe :: 2.23046875
15176 :: chrome.exe :: 139.33203125
15328 :: chrome.exe :: 440.828125
15340 :: epupdateservice.exe :: 5.94140625
15968 :: python.exe :: 7.671875
16068 :: python.exe :: 1.0390625
16292 :: chrome.exe :: 12.7578125
0 :: System Idle Process :: 0.05859375
4 :: System :: 0.23046875
96 :: Registry :: 9.3984375
464 :: smss.exe :: 1.125
488 :: fontdrvhost.exe :: 1.2421875
680 :: csrss.exe :: 1.93359375
684 :: SgrmBroker.exe :: 3.671875
728 :: svchost.exe :: 9.48828125
792 :: svchost.exe :: 2.2421875
796 :: wininit.exe :: 1.55859375
868 :: services.exe :: 6.09765625
876 :: lsass.exe :: 9.1328125
912 :: svchost.exe :: 3.3828125
1000 :: svchost.exe :: 0.875
1020 :: svchost.exe :: 20.55859375
1032 :: chrome.exe :: 6.0078125
1236 :: RuntimeBroker.exe :: 3.015625
1252 :: svchost.exe :: 3.51171875
1264 :: svchost.exe :: 3.55859375
1284 :: SkypeApp.exe :: 14.8984375
1444 :: YourPhone.exe :: 13.17578125
1456 :: svchost.exe :: 2.26171875
1472 :: chrome.exe :: 268.2578125
1492 :: svchost.exe :: 7.6484375
1564 :: svchost.exe :: 2.75390625
1596 :: svchost.exe :: 1.51953125
1672 :: atieclxx.exe :: 2.58984375
1676 :: svchost.exe :: 2.81640625
1688 :: svchost.exe :: 1.625
1796 :: svchost.exe :: 1.7734375
1804 :: svchost.exe :: 2.41796875
1812 :: svchost.exe :: 1.98828125
1820 :: svchost.exe :: 15.0234375
1828 :: svchost.exe :: 4.77734375
1836 :: svchost.exe :: 1.92578125
1868 :: svchost.exe :: 3.59765625
2024 :: svchost.exe :: 4.1328125
2132 :: svchost.exe :: 1.453125
2156 :: atiesrxx.exe :: 1.44140625
2204 :: svchost.exe :: 1.62890625
2232 :: svchost.exe :: 2.09375
2260 :: svchost.exe :: 8.453125
2340 :: svchost.exe :: 13.328125
2368 :: svchost.exe :: 2.38671875
2380 :: conhost.exe :: 6.37109375
2440 :: svchost.exe :: 3.67578125
2572 :: svchost.exe :: 3.63671875
2592 :: sihost.exe :: 8.03515625
2624 :: svchost.exe :: 3.33984375
2736 :: svchost.exe :: 88.93359375
2752 :: svchost.exe :: 1.93359375
2760 :: svchost.exe :: 1.3046875
2828 :: MemCompression :: 1.9375
2860 :: svchost.exe :: 1.89453125
2912 :: svchost.exe :: 1.9609375
2916 :: svchost.exe :: 1.96484375
2984 :: svchost.exe :: 4.58984375
3056 :: svchost.exe :: 7.02734375
3068 :: svchost.exe :: 2.5546875
3124 :: svchost.exe :: 1.58203125
3136 :: svchost.exe :: 2.2421875
3256 :: svchost.exe :: 2.48828125
3316 :: epsecurityservice.exe :: 719.5625
3328 :: svchost.exe :: 7.44921875
3448 :: spoolsv.exe :: 5.3125
3548 :: armsvc.exe :: 1.359375
3560 :: com.docker.service :: 59.74609375
3568 :: svchost.exe :: 5.359375
3628 :: svchost.exe :: 18.5859375
3636 :: svchost.exe :: 31.09375
3816 :: svchost.exe :: 2.27734375
3848 :: svchost.exe :: 1.53125
3888 :: sqlwriter.exe :: 1.88671875
3900 :: svchost.exe :: 1.5546875
3952 :: svchost.exe :: 1.9140625
3980 :: svchost.exe :: 1.26171875
3992 :: svchost.exe :: 5.4140625
4072 :: svchost.exe :: 4.2265625
4208 :: svchost.exe :: 3.3046875
4248 :: svchost.exe :: 3.36328125
4276 :: svchost.exe :: 1.20703125
4468 :: mongod.exe :: 187.875
4608 :: RuntimeBroker.exe :: 1.5078125
4616 :: chrome.exe :: 189.53125
4636 :: RuntimeBroker.exe :: 3.55859375
4644 :: svchost.exe :: 4.2734375
4660 :: MicrosoftEdge.exe :: 22.74609375
4664 :: fontdrvhost.exe :: 3.94140625
4720 :: ApplicationFrameHost.exe :: 20.41796875
4788 :: jusched.exe :: 2.71875
4808 :: RuntimeBroker.exe :: 3.72265625
4876 :: dwm.exe :: 55.49609375
5248 :: svchost.exe :: 7.140625
5304 :: svchost.exe :: 7.5234375
5332 :: pycharm64.exe :: 823.296875
5360 :: svchost.exe :: 11.81640625
5396 :: svchost.exe :: 2.13671875
5428 :: MicrosoftEdgeCP.exe :: 5.625
5728 :: taskhostw.exe :: 6.0078125
5744 :: svchost.exe :: 5.80859375
5756 :: sqlceip.exe :: 35.71875
5944 :: sqlservr.exe :: 314.48046875
5996 :: AMDRSServ.exe :: 125.40234375
6000 :: Calculator.exe :: 16.15625
6136 :: conhost.exe :: 7.234375
6160 :: RuntimeBroker.exe :: 8.1796875
6172 :: GameBarFT.exe :: 2.82421875
6228 :: RuntimeBroker.exe :: 5.19140625
6236 :: svchost.exe :: 3.79296875
6248 :: firefox.exe :: 32.51953125
6340 :: OneDrive.exe :: 42.71875
6396 :: python.exe :: 7.66015625
6420 :: svchost.exe :: 3.05078125
6432 :: svchost.exe :: 3.890625
6460 :: winpty-agent.exe :: 2.1640625
6620 :: fdlauncher.exe :: 1.0234375
6644 :: Launchpad.exe :: 58.10546875
6664 :: epconsole.exe :: 29.23828125
6672 :: fdhost.exe :: 1.9765625
6680 :: conhost.exe :: 6.27734375
6800 :: SearchIndexer.exe :: 105.58984375
6824 :: RuntimeBroker.exe :: 4.3125
6876 :: WinStore.App.exe :: 29.63671875
7004 :: RuntimeBroker.exe :: 10.51953125
7032 :: ctfmon.exe :: 25.1640625
7048 :: svchost.exe :: 3.1953125
7160 :: svchost.exe :: 2.78515625
7196 :: conhost.exe :: 5.54296875
7340 :: svchost.exe :: 6.0234375
7756 :: epintegrationservice.exe :: 10.04296875
7912 :: notepad.exe :: 4.19921875
7928 :: svchost.exe :: 3.9765625
8200 :: svchost.exe :: 2.89453125
8208 :: SearchUI.exe :: 75.953125
8412 :: bdredline.exe :: 3.8828125
8516 :: svchost.exe :: 3.765625
8548 :: RuntimeBroker.exe :: 4.25
8692 :: amdow.exe :: 2.3125
9200 :: firefox.exe :: 23.55078125
9380 :: svchost.exe :: 2.6953125
9564 :: SecurityHealthService.exe :: 5.8203125
9644 :: RtkNGUI64.exe :: 5.8046875
9848 :: RadeonSettings.exe :: 221.32421875
9920 :: winlogon.exe :: 2.5
9956 :: svchost.exe :: 3.6015625
10104 :: chrome.exe :: 36.484375
10128 :: SecurityHealthSystray.exe :: 3.234375
10260 :: SettingSyncHost.exe :: 3.625
10352 :: svchost.exe :: 4.3359375
10492 :: svchost.exe :: 3.1015625
10540 :: chrome.exe :: 46.296875
10580 :: firefox.exe :: 187.12890625
10852 :: SearchProtocolHost.exe :: 4.4140625
11000 :: epag.exe :: 8.91796875
11036 :: cmd.exe :: 2.375
11064 :: svchost.exe :: 11.75390625
11112 :: firefox.exe :: 42.3671875
11236 :: fsnotifier64.exe :: 0.48046875
11272 :: chrome.exe :: 1.953125
11480 :: svchost.exe :: 19.0078125
11564 :: svchost.exe :: 9.8203125
11772 :: browser_broker.exe :: 1.578125
11948 :: svchost.exe :: 4.48828125
12152 :: firefox.exe :: 72.7578125
12308 :: chrome.exe :: 52.6875
12480 :: LockApp.exe :: 13.05078125
12516 :: taskhostw.exe :: 7.5625
12696 :: firefox.exe :: 30.51953125
12956 :: explorer.exe :: 81.328125
13060 :: SearchFilterHost.exe :: 2.640625
13260 :: python.exe :: 1.0390625
13440 :: SkypeBackgroundHost.exe :: 1.98046875
13636 :: MicrosoftEdgeSH.exe :: 3.7890625
13644 :: chrome.exe :: 1.703125
13728 :: StartMenuExperienceHost.exe :: 25.1875
13812 :: csrss.exe :: 4.36328125
13912 :: epprotectedservice.exe :: 6.10546875
14132 :: RuntimeBroker.exe :: 5.98828125
14272 :: SystemSettings.exe :: 22.2265625
14484 :: svchost.exe :: 8.5625
14560 :: GameBar.exe :: 22.2421875
15104 :: chrome.exe :: 424.29296875
15152 :: svchost.exe :: 2.23046875
15176 :: chrome.exe :: 139.33203125
15328 :: chrome.exe :: 440.828125
15340 :: epupdateservice.exe :: 5.94140625
16292 :: chrome.exe :: 12.7578125
16344 :: conhost.exe :: 6.44140625
0 :: System Idle Process :: 0.05859375
4 :: System :: 0.23046875
96 :: Registry :: 9.40234375
464 :: smss.exe :: 1.125
488 :: fontdrvhost.exe :: 1.2421875
680 :: csrss.exe :: 1.93359375
684 :: SgrmBroker.exe :: 3.671875
728 :: svchost.exe :: 9.5078125
792 :: svchost.exe :: 2.2421875
796 :: wininit.exe :: 1.55859375
868 :: services.exe :: 6.09765625
876 :: lsass.exe :: 9.1328125
912 :: svchost.exe :: 3.43359375
1000 :: svchost.exe :: 0.875
1020 :: svchost.exe :: 20.61328125
1032 :: chrome.exe :: 6.0078125
1236 :: RuntimeBroker.exe :: 3.015625
1252 :: svchost.exe :: 3.51171875
1264 :: svchost.exe :: 3.55859375
1284 :: SkypeApp.exe :: 14.8984375
1444 :: YourPhone.exe :: 13.17578125
1456 :: svchost.exe :: 2.26171875
1472 :: chrome.exe :: 268.2578125
1492 :: svchost.exe :: 7.69921875
1564 :: svchost.exe :: 2.75390625
1596 :: svchost.exe :: 1.51953125
1672 :: atieclxx.exe :: 2.58984375
1676 :: svchost.exe :: 2.91796875
1688 :: svchost.exe :: 1.625
1796 :: svchost.exe :: 1.7734375
1804 :: svchost.exe :: 2.5
1812 :: svchost.exe :: 1.98828125
1820 :: svchost.exe :: 15.0234375
1828 :: svchost.exe :: 4.77734375
1836 :: svchost.exe :: 1.92578125
1868 :: svchost.exe :: 3.59765625
2024 :: svchost.exe :: 4.1328125
2132 :: svchost.exe :: 1.453125
2156 :: atiesrxx.exe :: 1.44140625
2204 :: svchost.exe :: 1.62890625
2232 :: svchost.exe :: 2.09375
2260 :: svchost.exe :: 8.453125
2340 :: svchost.exe :: 13.33203125
2368 :: svchost.exe :: 2.38671875
2380 :: conhost.exe :: 6.37109375
2440 :: svchost.exe :: 3.671875
2572 :: svchost.exe :: 3.63671875
2592 :: sihost.exe :: 8.0625
2624 :: svchost.exe :: 3.33984375
2736 :: svchost.exe :: 89.2421875
2752 :: svchost.exe :: 1.93359375
2760 :: svchost.exe :: 1.3046875
2828 :: MemCompression :: 1.9375
2860 :: svchost.exe :: 1.89453125
2912 :: svchost.exe :: 1.9609375
2916 :: svchost.exe :: 1.96484375
2984 :: svchost.exe :: 4.69921875
3056 :: svchost.exe :: 7.078125
3068 :: svchost.exe :: 2.5546875
3124 :: svchost.exe :: 1.58203125
3136 :: svchost.exe :: 2.2421875
3256 :: svchost.exe :: 2.48828125
3316 :: epsecurityservice.exe :: 717.19140625
3328 :: svchost.exe :: 7.5546875
3448 :: spoolsv.exe :: 5.3125
3548 :: armsvc.exe :: 1.359375
3560 :: com.docker.service :: 59.74609375
3568 :: svchost.exe :: 5.359375
3628 :: svchost.exe :: 18.76953125
3636 :: svchost.exe :: 30.8828125
3816 :: svchost.exe :: 2.2265625
3848 :: svchost.exe :: 1.53125
3888 :: sqlwriter.exe :: 1.88671875
3900 :: svchost.exe :: 1.5546875
3952 :: svchost.exe :: 1.9140625
3980 :: svchost.exe :: 1.26171875
3992 :: svchost.exe :: 5.46875
4072 :: svchost.exe :: 4.17578125
4208 :: svchost.exe :: 3.25390625
4248 :: svchost.exe :: 3.36328125
4276 :: svchost.exe :: 1.20703125
4468 :: mongod.exe :: 187.875
4608 :: RuntimeBroker.exe :: 1.5078125
4616 :: chrome.exe :: 189.546875
4636 :: RuntimeBroker.exe :: 3.55859375
4644 :: svchost.exe :: 4.3828125
4660 :: MicrosoftEdge.exe :: 22.74609375
4664 :: fontdrvhost.exe :: 3.94140625
4720 :: ApplicationFrameHost.exe :: 20.41796875
4788 :: jusched.exe :: 2.71875
4808 :: RuntimeBroker.exe :: 3.72265625
4876 :: dwm.exe :: 55.49609375
5248 :: svchost.exe :: 7.13671875
5304 :: svchost.exe :: 7.5234375
5332 :: pycharm64.exe :: 824.35546875
5360 :: svchost.exe :: 11.765625
5396 :: svchost.exe :: 2.1875
5428 :: MicrosoftEdgeCP.exe :: 5.625
5728 :: taskhostw.exe :: 6.0078125
5744 :: svchost.exe :: 5.8671875
5756 :: sqlceip.exe :: 35.78515625
5944 :: sqlservr.exe :: 330.66015625
5996 :: AMDRSServ.exe :: 125.40234375
6000 :: Calculator.exe :: 16.15625
6136 :: conhost.exe :: 7.234375
6160 :: RuntimeBroker.exe :: 8.2578125
6172 :: GameBarFT.exe :: 2.796875
6228 :: RuntimeBroker.exe :: 5.26953125
6236 :: svchost.exe :: 3.79296875
6248 :: firefox.exe :: 32.4921875
6340 :: OneDrive.exe :: 42.71875
6420 :: svchost.exe :: 3.05078125
6432 :: svchost.exe :: 3.890625
6460 :: winpty-agent.exe :: 2.1640625
6620 :: fdlauncher.exe :: 1.0234375
6644 :: Launchpad.exe :: 58.10546875
6664 :: epconsole.exe :: 29.23828125
6672 :: fdhost.exe :: 2.0
6680 :: conhost.exe :: 6.27734375
6800 :: SearchIndexer.exe :: 105.54296875
6824 :: RuntimeBroker.exe :: 4.38671875
6876 :: WinStore.App.exe :: 29.63671875
7004 :: RuntimeBroker.exe :: 10.51953125
7032 :: ctfmon.exe :: 25.16015625
7048 :: svchost.exe :: 3.1953125
7160 :: svchost.exe :: 2.78515625
7196 :: conhost.exe :: 5.54296875
7340 :: svchost.exe :: 6.0234375
7756 :: epintegrationservice.exe :: 10.04296875
7912 :: notepad.exe :: 4.19921875
7928 :: svchost.exe :: 3.9765625
8200 :: svchost.exe :: 2.89453125
8208 :: SearchUI.exe :: 75.953125
8412 :: bdredline.exe :: 3.8828125
8516 :: svchost.exe :: 3.68359375
8548 :: RuntimeBroker.exe :: 4.1796875
8692 :: amdow.exe :: 2.3125
9200 :: firefox.exe :: 23.55078125
9380 :: svchost.exe :: 2.625
9564 :: SecurityHealthService.exe :: 5.8203125
9644 :: RtkNGUI64.exe :: 5.8046875
9732 :: python.exe :: 7.69921875
9848 :: RadeonSettings.exe :: 221.32421875
9920 :: winlogon.exe :: 2.5
9956 :: svchost.exe :: 3.49609375
10104 :: chrome.exe :: 36.484375
10128 :: SecurityHealthSystray.exe :: 3.234375
10260 :: SettingSyncHost.exe :: 3.59765625
10352 :: svchost.exe :: 4.3359375
10492 :: svchost.exe :: 3.1015625
10540 :: chrome.exe :: 46.296875
10580 :: firefox.exe :: 186.296875
10852 :: SearchProtocolHost.exe :: 4.2734375
10964 :: python.exe :: 1.046875
11000 :: epag.exe :: 8.91796875
11036 :: cmd.exe :: 2.375
11064 :: svchost.exe :: 11.75390625
11112 :: firefox.exe :: 42.33984375
11236 :: fsnotifier64.exe :: 0.48046875
11272 :: chrome.exe :: 1.953125
11480 :: svchost.exe :: 19.0078125
11564 :: svchost.exe :: 9.8203125
11772 :: browser_broker.exe :: 1.578125
11948 :: svchost.exe :: 4.48828125
12152 :: firefox.exe :: 72.734375
12308 :: chrome.exe :: 52.6875
12480 :: LockApp.exe :: 13.05078125
12516 :: taskhostw.exe :: 7.5625
12696 :: firefox.exe :: 30.4921875
12956 :: explorer.exe :: 80.42578125
13060 :: SearchFilterHost.exe :: 3.38671875
13440 :: SkypeBackgroundHost.exe :: 1.98046875
13636 :: MicrosoftEdgeSH.exe :: 3.7890625
13644 :: chrome.exe :: 1.703125
13728 :: StartMenuExperienceHost.exe :: 25.18359375
13812 :: csrss.exe :: 4.36328125
13912 :: epprotectedservice.exe :: 6.10546875
14132 :: RuntimeBroker.exe :: 5.98828125
14272 :: SystemSettings.exe :: 22.2265625
14484 :: svchost.exe :: 8.5625
14560 :: GameBar.exe :: 22.25
15104 :: chrome.exe :: 426.26953125
15152 :: svchost.exe :: 2.23046875
15176 :: chrome.exe :: 139.2890625
15328 :: chrome.exe :: 433.484375
15340 :: epupdateservice.exe :: 5.94140625
15756 :: conhost.exe :: 6.41796875
16292 :: chrome.exe :: 12.7578125
0 :: System Idle Process :: 0.05859375
4 :: System :: 0.23046875
96 :: Registry :: 9.32421875
464 :: smss.exe :: 1.125
488 :: fontdrvhost.exe :: 1.2421875
680 :: csrss.exe :: 1.93359375
684 :: SgrmBroker.exe :: 3.59375
728 :: svchost.exe :: 9.453125
792 :: svchost.exe :: 2.2421875
796 :: wininit.exe :: 1.55859375
868 :: services.exe :: 6.09375
876 :: lsass.exe :: 9.19921875
912 :: svchost.exe :: 3.43359375
1000 :: svchost.exe :: 0.875
1020 :: svchost.exe :: 20.578125
1032 :: chrome.exe :: 6.04296875
1236 :: RuntimeBroker.exe :: 3.08203125
1252 :: svchost.exe :: 3.51171875
1264 :: svchost.exe :: 3.55859375
1284 :: SkypeApp.exe :: 14.8984375
1444 :: YourPhone.exe :: 13.17578125
1456 :: svchost.exe :: 2.26171875
1472 :: chrome.exe :: 270.83984375
1492 :: svchost.exe :: 7.90625
1564 :: svchost.exe :: 2.75390625
1596 :: svchost.exe :: 1.51953125
1672 :: atieclxx.exe :: 2.58984375
1676 :: svchost.exe :: 2.8671875
1688 :: svchost.exe :: 1.625
1796 :: svchost.exe :: 1.7734375
1804 :: svchost.exe :: 2.5
1812 :: svchost.exe :: 1.98828125
1820 :: svchost.exe :: 15.0546875
1828 :: svchost.exe :: 4.77734375
1836 :: svchost.exe :: 1.92578125
1868 :: svchost.exe :: 3.59765625
2024 :: svchost.exe :: 4.04296875
2132 :: svchost.exe :: 1.453125
2156 :: atiesrxx.exe :: 1.44140625
2204 :: svchost.exe :: 1.62890625
2232 :: svchost.exe :: 2.18359375
2260 :: svchost.exe :: 8.453125
2340 :: svchost.exe :: 13.2265625
2368 :: svchost.exe :: 2.38671875
2380 :: conhost.exe :: 6.37109375
2440 :: svchost.exe :: 3.63671875
2572 :: svchost.exe :: 3.63671875
2592 :: sihost.exe :: 8.046875
2624 :: svchost.exe :: 3.33984375
2736 :: svchost.exe :: 90.21484375
2752 :: svchost.exe :: 1.93359375
2760 :: svchost.exe :: 1.3046875
2828 :: MemCompression :: 1.9375
2860 :: svchost.exe :: 1.89453125
2912 :: svchost.exe :: 1.9609375
2916 :: svchost.exe :: 1.96484375
2984 :: svchost.exe :: 4.55859375
3056 :: svchost.exe :: 7.0234375
3068 :: svchost.exe :: 2.5546875
3124 :: svchost.exe :: 1.58203125
3136 :: svchost.exe :: 2.2421875
3256 :: svchost.exe :: 2.48828125
3316 :: epsecurityservice.exe :: 712.5390625
3328 :: svchost.exe :: 7.66015625
3448 :: spoolsv.exe :: 5.3125
3548 :: armsvc.exe :: 1.359375
3560 :: com.docker.service :: 59.74609375
3568 :: svchost.exe :: 5.359375
3628 :: svchost.exe :: 18.5859375
3636 :: svchost.exe :: 31.13671875
3748 :: SearchFilterHost.exe :: 3.4296875
3816 :: svchost.exe :: 2.17578125
3848 :: svchost.exe :: 1.53125
3888 :: sqlwriter.exe :: 1.88671875
3900 :: svchost.exe :: 1.5546875
3952 :: svchost.exe :: 1.9140625
3980 :: svchost.exe :: 1.26171875
3992 :: svchost.exe :: 5.46875
4072 :: svchost.exe :: 4.23046875
4208 :: svchost.exe :: 3.25390625
4248 :: svchost.exe :: 3.36328125
4276 :: svchost.exe :: 1.20703125
4468 :: mongod.exe :: 187.875
4608 :: RuntimeBroker.exe :: 1.5078125
4616 :: chrome.exe :: 189.40234375
4636 :: RuntimeBroker.exe :: 3.62890625
4644 :: svchost.exe :: 4.546875
4660 :: MicrosoftEdge.exe :: 22.74609375
4664 :: fontdrvhost.exe :: 3.94140625
4720 :: ApplicationFrameHost.exe :: 20.41796875
4788 :: jusched.exe :: 2.71875
4808 :: RuntimeBroker.exe :: 3.72265625
4876 :: dwm.exe :: 56.4609375
5248 :: svchost.exe :: 7.13671875
5304 :: svchost.exe :: 7.57421875
5332 :: pycharm64.exe :: 827.8671875
5360 :: svchost.exe :: 11.765625
5396 :: svchost.exe :: 2.1875
5428 :: MicrosoftEdgeCP.exe :: 5.625
5728 :: taskhostw.exe :: 6.0078125
5744 :: svchost.exe :: 5.80859375
5756 :: sqlceip.exe :: 35.76171875
5944 :: sqlservr.exe :: 322.82421875
5996 :: AMDRSServ.exe :: 125.40234375
6000 :: Calculator.exe :: 16.15625
6136 :: conhost.exe :: 7.234375
6160 :: RuntimeBroker.exe :: 8.1796875
6172 :: GameBarFT.exe :: 2.796875
6228 :: RuntimeBroker.exe :: 5.19140625
6236 :: svchost.exe :: 3.7734375
6248 :: firefox.exe :: 32.51953125
6340 :: OneDrive.exe :: 42.64453125
6420 :: svchost.exe :: 3.05078125
6432 :: svchost.exe :: 3.890625
6460 :: winpty-agent.exe :: 2.1640625
6620 :: fdlauncher.exe :: 1.0234375
6644 :: Launchpad.exe :: 58.10546875
6664 :: epconsole.exe :: 29.23828125
6672 :: fdhost.exe :: 1.97265625
6680 :: conhost.exe :: 6.27734375
6800 :: SearchIndexer.exe :: 105.65625
6824 :: RuntimeBroker.exe :: 4.3125
6876 :: WinStore.App.exe :: 29.63671875
7004 :: RuntimeBroker.exe :: 10.51953125
7032 :: ctfmon.exe :: 25.69921875
7048 :: svchost.exe :: 3.1953125
7160 :: svchost.exe :: 2.78515625
7196 :: conhost.exe :: 5.54296875
7340 :: svchost.exe :: 6.07421875
7756 :: epintegrationservice.exe :: 10.04296875
7912 :: notepad.exe :: 4.19921875
7928 :: svchost.exe :: 3.9765625
8200 :: svchost.exe :: 2.89453125
8208 :: SearchUI.exe :: 75.953125
8412 :: bdredline.exe :: 3.8828125
8516 :: svchost.exe :: 3.68359375
8548 :: RuntimeBroker.exe :: 4.1796875
8692 :: amdow.exe :: 2.3125
9200 :: firefox.exe :: 23.55078125
9380 :: svchost.exe :: 2.4609375
9564 :: SecurityHealthService.exe :: 5.8203125
9644 :: RtkNGUI64.exe :: 5.8046875
9848 :: RadeonSettings.exe :: 221.34765625
9920 :: winlogon.exe :: 2.57421875
9956 :: svchost.exe :: 3.55078125
10104 :: chrome.exe :: 36.484375
10128 :: SecurityHealthSystray.exe :: 3.234375
10260 :: SettingSyncHost.exe :: 3.59765625
10352 :: svchost.exe :: 4.390625
10492 :: svchost.exe :: 3.1015625
10540 :: chrome.exe :: 44.62890625
10580 :: firefox.exe :: 187.62890625
10852 :: SearchProtocolHost.exe :: 4.65625
11000 :: epag.exe :: 8.953125
11036 :: cmd.exe :: 2.375
11064 :: svchost.exe :: 11.890625
11112 :: firefox.exe :: 42.390625
11236 :: fsnotifier64.exe :: 0.48046875
11272 :: chrome.exe :: 1.953125
11480 :: svchost.exe :: 19.0078125
11564 :: svchost.exe :: 9.87109375
11772 :: browser_broker.exe :: 1.578125
11948 :: svchost.exe :: 4.48828125
11976 :: conhost.exe :: 6.453125
12152 :: firefox.exe :: 73.203125
12308 :: chrome.exe :: 52.6875
12480 :: LockApp.exe :: 13.05078125
12516 :: taskhostw.exe :: 7.5625
12696 :: firefox.exe :: 30.52734375
12956 :: explorer.exe :: 81.76953125
13440 :: SkypeBackgroundHost.exe :: 1.98046875
13636 :: MicrosoftEdgeSH.exe :: 3.7890625
13644 :: chrome.exe :: 1.703125
13728 :: StartMenuExperienceHost.exe :: 25.18359375
13812 :: csrss.exe :: 4.36328125
13912 :: epprotectedservice.exe :: 6.10546875
14132 :: RuntimeBroker.exe :: 6.0625
14272 :: SystemSettings.exe :: 22.2265625
14484 :: svchost.exe :: 8.55859375
14560 :: GameBar.exe :: 22.2421875
15104 :: chrome.exe :: 421.22265625
15176 :: chrome.exe :: 139.29296875
15328 :: chrome.exe :: 428.703125
15340 :: epupdateservice.exe :: 5.94140625
15860 :: python.exe :: 1.0390625
16076 :: TrustedInstaller.exe :: 1.76171875
16092 :: python.exe :: 7.671875
16292 :: chrome.exe :: 12.7734375
0 :: System Idle Process :: 0.05859375
4 :: System :: 0.23046875
96 :: Registry :: 9.33203125
464 :: smss.exe :: 1.125
488 :: fontdrvhost.exe :: 1.2421875
680 :: csrss.exe :: 1.93359375
684 :: SgrmBroker.exe :: 3.52734375
728 :: svchost.exe :: 9.50390625
792 :: svchost.exe :: 2.32421875
796 :: wininit.exe :: 1.55859375
868 :: services.exe :: 6.04296875
876 :: lsass.exe :: 9.1328125
912 :: svchost.exe :: 3.3828125
1000 :: svchost.exe :: 0.875
1020 :: svchost.exe :: 20.5234375
1032 :: chrome.exe :: 6.0078125
1236 :: RuntimeBroker.exe :: 3.08203125
1252 :: svchost.exe :: 3.51171875
1264 :: svchost.exe :: 3.5078125
1284 :: SkypeApp.exe :: 14.8984375
1444 :: YourPhone.exe :: 13.17578125
1456 :: svchost.exe :: 2.26171875
1472 :: chrome.exe :: 270.83984375
1492 :: svchost.exe :: 7.69921875
1564 :: svchost.exe :: 2.75390625
1596 :: svchost.exe :: 1.51953125
1672 :: atieclxx.exe :: 2.58984375
1676 :: svchost.exe :: 2.8671875
1688 :: svchost.exe :: 1.625
1796 :: svchost.exe :: 1.7734375
1804 :: svchost.exe :: 2.41796875
1812 :: svchost.exe :: 1.98828125
1820 :: svchost.exe :: 15.0546875
1828 :: svchost.exe :: 4.93359375
1836 :: svchost.exe :: 1.92578125
1868 :: svchost.exe :: 3.59765625
2024 :: svchost.exe :: 3.9921875
2132 :: svchost.exe :: 1.453125
2156 :: atiesrxx.exe :: 1.44140625
2204 :: svchost.exe :: 1.62890625
2232 :: svchost.exe :: 2.14453125
2260 :: svchost.exe :: 8.50390625
2316 :: python.exe :: 7.65625
2340 :: svchost.exe :: 13.33203125
2368 :: svchost.exe :: 2.38671875
2380 :: conhost.exe :: 6.37109375
2440 :: svchost.exe :: 3.6328125
2572 :: svchost.exe :: 3.63671875
2592 :: sihost.exe :: 8.046875
2624 :: svchost.exe :: 3.33984375
2736 :: svchost.exe :: 90.3046875
2752 :: svchost.exe :: 1.93359375
2760 :: svchost.exe :: 1.3046875
2828 :: MemCompression :: 1.9375
2860 :: svchost.exe :: 1.89453125
2912 :: svchost.exe :: 1.9609375
2916 :: svchost.exe :: 1.96484375
2984 :: svchost.exe :: 4.55859375
3056 :: svchost.exe :: 7.0234375
3068 :: svchost.exe :: 2.5546875
3124 :: svchost.exe :: 1.58203125
3136 :: svchost.exe :: 2.2421875
3256 :: svchost.exe :: 2.48828125
3316 :: epsecurityservice.exe :: 723.6640625
3328 :: svchost.exe :: 7.44921875
3448 :: spoolsv.exe :: 5.3125
3548 :: armsvc.exe :: 1.359375
3560 :: com.docker.service :: 59.74609375
3568 :: svchost.exe :: 5.359375
3628 :: svchost.exe :: 18.5859375
3636 :: svchost.exe :: 31.1015625
3748 :: SearchFilterHost.exe :: 3.4296875
3816 :: svchost.exe :: 2.17578125
3848 :: svchost.exe :: 1.53125
3888 :: sqlwriter.exe :: 1.88671875
3900 :: svchost.exe :: 1.5546875
3952 :: svchost.exe :: 1.9140625
3980 :: svchost.exe :: 1.26171875
3992 :: svchost.exe :: 5.36328125
4072 :: svchost.exe :: 4.23046875
4208 :: svchost.exe :: 3.25390625
4248 :: svchost.exe :: 3.36328125
4276 :: svchost.exe :: 1.20703125
4468 :: mongod.exe :: 187.875
4608 :: RuntimeBroker.exe :: 1.5078125
4616 :: chrome.exe :: 189.44140625
4636 :: RuntimeBroker.exe :: 3.55859375
4644 :: svchost.exe :: 4.4453125
4660 :: MicrosoftEdge.exe :: 22.74609375
4664 :: fontdrvhost.exe :: 3.94140625
4720 :: ApplicationFrameHost.exe :: 20.41796875
4788 :: jusched.exe :: 2.71875
4808 :: RuntimeBroker.exe :: 3.7890625
4876 :: dwm.exe :: 56.4609375
5248 :: svchost.exe :: 7.13671875
5304 :: svchost.exe :: 7.57421875
5332 :: pycharm64.exe :: 827.70703125
5360 :: svchost.exe :: 11.765625
5396 :: svchost.exe :: 2.171875
5428 :: MicrosoftEdgeCP.exe :: 5.625
5728 :: taskhostw.exe :: 6.0078125
5744 :: svchost.exe :: 5.80859375
5756 :: sqlceip.exe :: 35.75
5944 :: sqlservr.exe :: 328.84765625
5996 :: AMDRSServ.exe :: 125.375
6000 :: Calculator.exe :: 16.15625
6136 :: conhost.exe :: 7.234375
6160 :: RuntimeBroker.exe :: 8.1796875
6172 :: GameBarFT.exe :: 2.796875
6228 :: RuntimeBroker.exe :: 5.19140625
6236 :: svchost.exe :: 3.76953125
6248 :: firefox.exe :: 32.51953125
6340 :: OneDrive.exe :: 42.64453125
6420 :: svchost.exe :: 3.0
6432 :: svchost.exe :: 3.94140625
6460 :: winpty-agent.exe :: 2.1640625
6620 :: fdlauncher.exe :: 1.0234375
6644 :: Launchpad.exe :: 58.10546875
6664 :: epconsole.exe :: 29.23828125
6672 :: fdhost.exe :: 1.97265625
6680 :: conhost.exe :: 6.27734375
6800 :: SearchIndexer.exe :: 105.65625
6824 :: RuntimeBroker.exe :: 4.3125
6876 :: WinStore.App.exe :: 29.63671875
7004 :: RuntimeBroker.exe :: 10.51953125
7032 :: ctfmon.exe :: 25.69921875
7048 :: svchost.exe :: 3.1953125
7160 :: svchost.exe :: 2.83984375
7196 :: conhost.exe :: 5.54296875
7340 :: svchost.exe :: 6.0234375
7756 :: epintegrationservice.exe :: 10.04296875
7912 :: notepad.exe :: 4.19921875
7928 :: svchost.exe :: 3.9765625
8200 :: svchost.exe :: 2.89453125
8208 :: SearchUI.exe :: 75.953125
8412 :: bdredline.exe :: 3.8828125
8516 :: svchost.exe :: 3.68359375
8548 :: RuntimeBroker.exe :: 4.1796875
8692 :: amdow.exe :: 2.3125
9200 :: firefox.exe :: 23.51953125
9380 :: svchost.exe :: 2.45703125
9564 :: SecurityHealthService.exe :: 5.8203125
9644 :: RtkNGUI64.exe :: 5.8046875
9848 :: RadeonSettings.exe :: 221.32421875
9920 :: winlogon.exe :: 2.57421875
9956 :: svchost.exe :: 3.6015625
10104 :: chrome.exe :: 36.484375
10128 :: SecurityHealthSystray.exe :: 3.234375
10260 :: SettingSyncHost.exe :: 3.625
10352 :: svchost.exe :: 4.3359375
10492 :: svchost.exe :: 3.1015625
10540 :: chrome.exe :: 44.62890625
10580 :: firefox.exe :: 187.66796875
10852 :: SearchProtocolHost.exe :: 4.60546875
11000 :: epag.exe :: 8.953125
11036 :: cmd.exe :: 2.375
11064 :: svchost.exe :: 11.890625
11112 :: firefox.exe :: 42.390625
11236 :: fsnotifier64.exe :: 0.48046875
11272 :: chrome.exe :: 1.953125
11480 :: svchost.exe :: 19.0078125
11564 :: svchost.exe :: 9.8203125
11664 :: conhost.exe :: 6.43359375
11772 :: browser_broker.exe :: 1.578125
11948 :: svchost.exe :: 4.48828125
12152 :: firefox.exe :: 73.203125
12308 :: chrome.exe :: 52.6875
12480 :: LockApp.exe :: 13.05078125
12516 :: taskhostw.exe :: 7.5625
12672 :: python.exe :: 0.96875
12696 :: firefox.exe :: 30.5390625
12956 :: explorer.exe :: 81.75
13440 :: SkypeBackgroundHost.exe :: 1.98046875
13636 :: MicrosoftEdgeSH.exe :: 3.7890625
13644 :: chrome.exe :: 1.703125
13728 :: StartMenuExperienceHost.exe :: 25.18359375
13812 :: csrss.exe :: 4.36328125
13912 :: epprotectedservice.exe :: 6.10546875
14132 :: RuntimeBroker.exe :: 6.0625
14272 :: SystemSettings.exe :: 22.2265625
14484 :: svchost.exe :: 8.55859375
14560 :: GameBar.exe :: 22.2421875
15104 :: chrome.exe :: 426.0859375
15176 :: chrome.exe :: 139.29296875
15328 :: chrome.exe :: 428.703125
15340 :: epupdateservice.exe :: 5.94140625
16292 :: chrome.exe :: 12.7734375
0 :: System Idle Process :: 0.05859375
4 :: System :: 0.23046875
96 :: Registry :: 9.3359375
464 :: smss.exe :: 1.125
488 :: fontdrvhost.exe :: 1.2421875
680 :: csrss.exe :: 1.93359375
684 :: SgrmBroker.exe :: 3.52734375
728 :: svchost.exe :: 9.40234375
792 :: svchost.exe :: 2.2421875
796 :: wininit.exe :: 1.55859375
868 :: services.exe :: 6.1484375
876 :: lsass.exe :: 9.20703125
912 :: svchost.exe :: 3.48828125
1000 :: svchost.exe :: 0.875
1020 :: svchost.exe :: 20.578125
1032 :: chrome.exe :: 6.04296875
1236 :: RuntimeBroker.exe :: 3.015625
1252 :: svchost.exe :: 3.51171875
1264 :: svchost.exe :: 3.57421875
1284 :: SkypeApp.exe :: 14.8984375
1444 :: YourPhone.exe :: 13.17578125
1456 :: svchost.exe :: 2.26171875
1472 :: chrome.exe :: 269.2578125
1492 :: svchost.exe :: 7.95703125
1564 :: svchost.exe :: 2.75390625
1596 :: svchost.exe :: 1.51953125
1672 :: atieclxx.exe :: 2.58984375
1676 :: svchost.exe :: 2.91796875
1688 :: svchost.exe :: 1.625
1796 :: svchost.exe :: 1.7734375
1804 :: svchost.exe :: 2.50390625
1812 :: svchost.exe :: 1.98828125
1820 :: svchost.exe :: 15.0546875
1828 :: svchost.exe :: 4.77734375
1836 :: svchost.exe :: 1.92578125
1868 :: svchost.exe :: 3.59765625
2024 :: svchost.exe :: 4.0625
2132 :: svchost.exe :: 1.453125
2156 :: atiesrxx.exe :: 1.44140625
2204 :: svchost.exe :: 1.62890625
2232 :: svchost.exe :: 2.09375
2244 :: conhost.exe :: 6.4609375
2260 :: svchost.exe :: 8.50390625
2340 :: svchost.exe :: 13.28125
2368 :: svchost.exe :: 2.38671875
2380 :: conhost.exe :: 6.37109375
2440 :: svchost.exe :: 3.58203125
2572 :: svchost.exe :: 3.63671875
2592 :: sihost.exe :: 8.03125
2624 :: svchost.exe :: 3.33984375
2736 :: svchost.exe :: 90.515625
2752 :: svchost.exe :: 1.93359375
2760 :: svchost.exe :: 1.3046875
2828 :: MemCompression :: 1.9375
2860 :: svchost.exe :: 1.89453125
2912 :: svchost.exe :: 1.9609375
2916 :: svchost.exe :: 1.96484375
2984 :: svchost.exe :: 4.80859375
3056 :: svchost.exe :: 7.0234375
3068 :: svchost.exe :: 2.5546875
3124 :: svchost.exe :: 1.58203125
3136 :: svchost.exe :: 2.2421875
3256 :: svchost.exe :: 2.48828125
3316 :: epsecurityservice.exe :: 734.73828125
3328 :: svchost.exe :: 7.609375
3448 :: spoolsv.exe :: 5.3125
3548 :: armsvc.exe :: 1.359375
3560 :: com.docker.service :: 59.74609375
3568 :: svchost.exe :: 5.359375
3628 :: svchost.exe :: 18.82421875
3636 :: svchost.exe :: 31.1015625
3816 :: svchost.exe :: 2.17578125
3848 :: svchost.exe :: 1.53125
3888 :: sqlwriter.exe :: 1.88671875
3900 :: svchost.exe :: 1.5546875
3952 :: svchost.exe :: 1.9140625
3980 :: svchost.exe :: 1.26171875
3992 :: svchost.exe :: 5.41796875
4072 :: svchost.exe :: 4.23046875
4208 :: svchost.exe :: 3.25390625
4248 :: svchost.exe :: 3.36328125
4276 :: svchost.exe :: 1.20703125
4468 :: mongod.exe :: 187.875
4608 :: RuntimeBroker.exe :: 1.5078125
4616 :: chrome.exe :: 189.8359375
4636 :: RuntimeBroker.exe :: 3.55859375
4644 :: svchost.exe :: 4.390625
4660 :: MicrosoftEdge.exe :: 22.74609375
4664 :: fontdrvhost.exe :: 3.94140625
4720 :: ApplicationFrameHost.exe :: 20.41796875
4788 :: jusched.exe :: 2.71875
4808 :: RuntimeBroker.exe :: 3.72265625
4876 :: dwm.exe :: 55.49609375
5248 :: svchost.exe :: 7.13671875
5304 :: svchost.exe :: 7.5234375
5332 :: pycharm64.exe :: 828.05078125
5360 :: svchost.exe :: 11.765625
5396 :: svchost.exe :: 2.1875
5428 :: MicrosoftEdgeCP.exe :: 5.625
5728 :: taskhostw.exe :: 6.0078125
5744 :: svchost.exe :: 5.80859375
5756 :: sqlceip.exe :: 35.72265625
5944 :: sqlservr.exe :: 332.61328125
5996 :: AMDRSServ.exe :: 125.40234375
6000 :: Calculator.exe :: 16.15625
6136 :: conhost.exe :: 7.234375
6160 :: RuntimeBroker.exe :: 8.265625
6172 :: GameBarFT.exe :: 2.82421875
6228 :: RuntimeBroker.exe :: 5.26953125
6236 :: svchost.exe :: 3.79296875
6248 :: firefox.exe :: 32.51953125
6340 :: OneDrive.exe :: 42.64453125
6420 :: svchost.exe :: 3.0078125
6432 :: svchost.exe :: 3.875
6460 :: winpty-agent.exe :: 2.1640625
6620 :: fdlauncher.exe :: 1.0234375
6644 :: Launchpad.exe :: 58.10546875
6664 :: epconsole.exe :: 29.23828125
6672 :: fdhost.exe :: 1.97265625
6680 :: conhost.exe :: 6.27734375
6800 :: SearchIndexer.exe :: 105.5625
6824 :: RuntimeBroker.exe :: 4.3125
6876 :: WinStore.App.exe :: 29.63671875
7004 :: RuntimeBroker.exe :: 10.51953125
7032 :: ctfmon.exe :: 25.78515625
7048 :: svchost.exe :: 3.1953125
7160 :: svchost.exe :: 2.83984375
7196 :: conhost.exe :: 5.54296875
7340 :: svchost.exe :: 5.9609375
7756 :: epintegrationservice.exe :: 10.04296875
7912 :: notepad.exe :: 4.19921875
7928 :: svchost.exe :: 3.9765625
8200 :: svchost.exe :: 2.89453125
8208 :: SearchUI.exe :: 75.953125
8412 :: bdredline.exe :: 3.8828125
8516 :: svchost.exe :: 3.68359375
8548 :: RuntimeBroker.exe :: 4.25
8692 :: amdow.exe :: 2.3125
8868 :: python.exe :: 7.71484375
9200 :: firefox.exe :: 23.546875
9380 :: svchost.exe :: 2.375
9564 :: SecurityHealthService.exe :: 5.8203125
9644 :: RtkNGUI64.exe :: 5.8046875
9848 :: RadeonSettings.exe :: 221.32421875
9920 :: winlogon.exe :: 2.57421875
9956 :: svchost.exe :: 3.49609375
10104 :: chrome.exe :: 36.484375
10128 :: SecurityHealthSystray.exe :: 3.234375
10260 :: SettingSyncHost.exe :: 3.625
10352 :: svchost.exe :: 4.3359375
10492 :: svchost.exe :: 3.1015625
10540 :: chrome.exe :: 44.72265625
10580 :: firefox.exe :: 188.1953125
10852 :: SearchProtocolHost.exe :: 4.59765625
11000 :: epag.exe :: 8.98046875
11036 :: cmd.exe :: 2.375
11064 :: svchost.exe :: 11.90625
11112 :: firefox.exe :: 42.390625
11192 :: SearchFilterHost.exe :: 3.4140625
11236 :: fsnotifier64.exe :: 0.48046875
11272 :: chrome.exe :: 1.953125
11480 :: svchost.exe :: 19.0078125
11564 :: svchost.exe :: 9.8203125
11772 :: browser_broker.exe :: 1.578125
11948 :: svchost.exe :: 4.48828125
12152 :: firefox.exe :: 73.203125
12308 :: chrome.exe :: 52.6875
12480 :: LockApp.exe :: 13.05078125
12516 :: taskhostw.exe :: 7.5625
12696 :: firefox.exe :: 30.5390625
12956 :: explorer.exe :: 82.05859375
13440 :: SkypeBackgroundHost.exe :: 1.98046875
13636 :: MicrosoftEdgeSH.exe :: 3.7890625
13644 :: chrome.exe :: 1.703125
13728 :: StartMenuExperienceHost.exe :: 25.1875
13812 :: csrss.exe :: 4.36328125
13912 :: epprotectedservice.exe :: 6.10546875
14132 :: RuntimeBroker.exe :: 5.98828125
14272 :: SystemSettings.exe :: 22.2265625
14484 :: svchost.exe :: 8.55859375
14560 :: GameBar.exe :: 22.2421875
15104 :: chrome.exe :: 460.2109375
15176 :: chrome.exe :: 139.34375
15328 :: chrome.exe :: 443.27734375
15340 :: epupdateservice.exe :: 5.94140625
16292 :: chrome.exe :: 12.7734375
16304 :: python.exe :: 0.97265625
16364 :: TrustedInstaller.exe :: 1.78125
0 :: System Idle Process :: 0.05859375
4 :: System :: 0.23046875
96 :: Registry :: 9.49609375
464 :: smss.exe :: 1.125
488 :: fontdrvhost.exe :: 1.2421875
680 :: csrss.exe :: 1.93359375
684 :: SgrmBroker.exe :: 3.75390625
728 :: svchost.exe :: 9.40234375
792 :: svchost.exe :: 2.2421875
796 :: wininit.exe :: 1.55859375
868 :: services.exe :: 6.19921875
876 :: lsass.exe :: 9.20703125
912 :: svchost.exe :: 3.48828125
1000 :: svchost.exe :: 0.92578125
1020 :: svchost.exe :: 20.52734375
1032 :: chrome.exe :: 6.0078125
1236 :: RuntimeBroker.exe :: 3.08203125
1252 :: svchost.exe :: 3.5625
1264 :: svchost.exe :: 3.57421875
1284 :: SkypeApp.exe :: 14.8984375
1444 :: YourPhone.exe :: 13.17578125
1456 :: svchost.exe :: 2.3125
1472 :: chrome.exe :: 269.33203125
1492 :: svchost.exe :: 7.8125
1564 :: svchost.exe :: 2.8046875
1596 :: svchost.exe :: 1.5703125
1672 :: atieclxx.exe :: 2.58984375
1676 :: svchost.exe :: 2.97265625
1688 :: svchost.exe :: 1.6796875
1796 :: svchost.exe :: 1.7734375
1804 :: svchost.exe :: 2.51953125
1812 :: svchost.exe :: 2.0390625
1820 :: svchost.exe :: 15.05859375
1828 :: svchost.exe :: 4.9375
1836 :: svchost.exe :: 1.9765625
1868 :: svchost.exe :: 3.6796875
2024 :: svchost.exe :: 4.11328125
2132 :: svchost.exe :: 1.50390625
2156 :: atiesrxx.exe :: 1.44140625
2204 :: svchost.exe :: 1.6796875
2232 :: svchost.exe :: 2.23046875
2260 :: svchost.exe :: 8.453125
2340 :: svchost.exe :: 13.328125
2368 :: svchost.exe :: 2.4375
2380 :: conhost.exe :: 6.37109375
2440 :: svchost.exe :: 3.6328125
2572 :: svchost.exe :: 3.71875
2592 :: sihost.exe :: 8.03125
2624 :: svchost.exe :: 3.390625
2736 :: svchost.exe :: 90.796875
2752 :: svchost.exe :: 1.984375
2760 :: svchost.exe :: 1.3046875
2828 :: MemCompression :: 1.9375
2860 :: svchost.exe :: 1.89453125
2912 :: svchost.exe :: 2.02734375
2916 :: svchost.exe :: 2.01953125
2984 :: svchost.exe :: 4.5546875
3056 :: svchost.exe :: 7.62109375
3068 :: svchost.exe :: 2.609375
3124 :: svchost.exe :: 1.58203125
3136 :: svchost.exe :: 2.2421875
3256 :: svchost.exe :: 2.54296875
3316 :: epsecurityservice.exe :: 812.2734375
3328 :: svchost.exe :: 7.609375
3448 :: spoolsv.exe :: 5.3125
3548 :: armsvc.exe :: 1.359375
3560 :: com.docker.service :: 59.74609375
3568 :: svchost.exe :: 5.359375
3628 :: svchost.exe :: 18.69140625
3636 :: svchost.exe :: 31.453125
3816 :: svchost.exe :: 2.31640625
3848 :: svchost.exe :: 1.58203125
3888 :: sqlwriter.exe :: 1.88671875
3900 :: svchost.exe :: 1.609375
3952 :: svchost.exe :: 1.96484375
3980 :: svchost.exe :: 1.26171875
3992 :: svchost.exe :: 5.41796875
4072 :: svchost.exe :: 4.1171875
4208 :: svchost.exe :: 3.25390625
4248 :: svchost.exe :: 3.36328125
4276 :: svchost.exe :: 1.26171875
4468 :: mongod.exe :: 187.875
4608 :: RuntimeBroker.exe :: 1.5078125
4616 :: chrome.exe :: 190.703125
4636 :: RuntimeBroker.exe :: 3.55859375
4644 :: svchost.exe :: 4.5234375
4660 :: MicrosoftEdge.exe :: 22.74609375
4664 :: fontdrvhost.exe :: 3.94140625
4720 :: ApplicationFrameHost.exe :: 20.41796875
4788 :: jusched.exe :: 2.71875
4808 :: RuntimeBroker.exe :: 3.72265625
4876 :: dwm.exe :: 55.80078125
5248 :: svchost.exe :: 7.140625
5304 :: svchost.exe :: 7.5234375
5332 :: pycharm64.exe :: 828.015625
5360 :: svchost.exe :: 11.765625
5396 :: svchost.exe :: 2.1875
5428 :: MicrosoftEdgeCP.exe :: 5.625
5728 :: taskhostw.exe :: 6.0078125
5744 :: svchost.exe :: 5.80859375
5756 :: sqlceip.exe :: 36.0078125
5944 :: sqlservr.exe :: 322.92578125
5996 :: AMDRSServ.exe :: 125.3984375
6000 :: Calculator.exe :: 16.15625
6136 :: conhost.exe :: 7.234375
6160 :: RuntimeBroker.exe :: 8.1796875
6172 :: GameBarFT.exe :: 2.796875
6228 :: RuntimeBroker.exe :: 5.19140625
6236 :: svchost.exe :: 3.7734375
6248 :: firefox.exe :: 32.51953125
6340 :: OneDrive.exe :: 42.63671875
6420 :: svchost.exe :: 2.9609375
6432 :: svchost.exe :: 3.875
6460 :: winpty-agent.exe :: 2.1640625
6620 :: fdlauncher.exe :: 1.0234375
6644 :: Launchpad.exe :: 58.10546875
6664 :: epconsole.exe :: 29.234375
6672 :: fdhost.exe :: 1.97265625
6680 :: conhost.exe :: 6.27734375
6800 :: SearchIndexer.exe :: 105.69140625
6824 :: RuntimeBroker.exe :: 4.3125
6876 :: WinStore.App.exe :: 29.63671875
7004 :: RuntimeBroker.exe :: 10.53515625
7032 :: ctfmon.exe :: 25.87890625
7048 :: svchost.exe :: 3.1953125
7160 :: svchost.exe :: 2.78515625
7196 :: conhost.exe :: 5.54296875
7340 :: svchost.exe :: 5.96484375
7756 :: epintegrationservice.exe :: 10.15625
7912 :: notepad.exe :: 4.19921875
7928 :: svchost.exe :: 3.9765625
8200 :: svchost.exe :: 2.89453125
8208 :: SearchUI.exe :: 75.953125
8412 :: bdredline.exe :: 3.8828125
8516 :: svchost.exe :: 3.765625
8548 :: RuntimeBroker.exe :: 4.1796875
8692 :: amdow.exe :: 2.3125
9200 :: firefox.exe :: 23.546875
9380 :: svchost.exe :: 2.4609375
9564 :: SecurityHealthService.exe :: 5.8203125
9644 :: RtkNGUI64.exe :: 5.8046875
9848 :: RadeonSettings.exe :: 221.328125
9920 :: winlogon.exe :: 2.5
9956 :: svchost.exe :: 3.6015625
10104 :: chrome.exe :: 36.609375
10128 :: SecurityHealthSystray.exe :: 3.234375
10260 :: SettingSyncHost.exe :: 3.59765625
10352 :: svchost.exe :: 4.3359375
10492 :: svchost.exe :: 3.1015625
10540 :: chrome.exe :: 45.2421875
10580 :: firefox.exe :: 187.6640625
10852 :: SearchProtocolHost.exe :: 4.26953125
11000 :: epag.exe :: 9.41015625
11036 :: cmd.exe :: 2.375
11064 :: svchost.exe :: 12.0078125
11112 :: firefox.exe :: 42.40234375
11236 :: fsnotifier64.exe :: 0.48046875
11272 :: chrome.exe :: 1.953125
11480 :: svchost.exe :: 19.0625
11564 :: svchost.exe :: 9.8203125
11772 :: browser_broker.exe :: 1.578125
11948 :: svchost.exe :: 4.48828125
12152 :: firefox.exe :: 72.734375
12308 :: chrome.exe :: 52.79296875
12348 :: python.exe :: 7.7109375
12480 :: LockApp.exe :: 13.046875
12516 :: taskhostw.exe :: 7.5625
12696 :: firefox.exe :: 30.55859375
12956 :: explorer.exe :: 83.19140625
13440 :: SkypeBackgroundHost.exe :: 1.98046875
13636 :: MicrosoftEdgeSH.exe :: 3.7890625
13644 :: chrome.exe :: 1.703125
13652 :: python.exe :: 0.9609375
13664 :: SearchFilterHost.exe :: 3.44140625
13728 :: StartMenuExperienceHost.exe :: 25.1875
13812 :: csrss.exe :: 4.36328125
13912 :: epprotectedservice.exe :: 6.15625
14132 :: RuntimeBroker.exe :: 6.0625
14272 :: SystemSettings.exe :: 22.2265625
14484 :: svchost.exe :: 8.4921875
14560 :: GameBar.exe :: 22.21484375
15104 :: chrome.exe :: 430.01953125
15176 :: chrome.exe :: 140.89453125
15328 :: chrome.exe :: 442.58203125
15340 :: epupdateservice.exe :: 6.40234375
15624 :: WmiPrvSE.exe :: 4.9921875
15924 :: conhost.exe :: 6.421875
16292 :: chrome.exe :: 12.7734375
0 :: System Idle Process :: 0.05859375
4 :: System :: 0.23046875
96 :: Registry :: 9.27734375
228 :: chrome.exe :: 89.46484375
452 :: rundll32.exe :: 3.6796875
464 :: smss.exe :: 1.125
488 :: fontdrvhost.exe :: 1.2421875
680 :: csrss.exe :: 1.92578125
684 :: SgrmBroker.exe :: 3.55859375
692 :: jusched.exe :: 4.25
708 :: csrss.exe :: 2.44140625
728 :: svchost.exe :: 9.60546875
792 :: svchost.exe :: 2.328125
796 :: wininit.exe :: 1.5703125
868 :: services.exe :: 6.59375
876 :: lsass.exe :: 9.33203125
912 :: svchost.exe :: 3.578125
1000 :: svchost.exe :: 0.875
1020 :: svchost.exe :: 21.109375
1252 :: svchost.exe :: 3.50390625
1264 :: svchost.exe :: 3.5703125
1328 :: svchost.exe :: 6.83203125
1456 :: svchost.exe :: 2.234375
1492 :: svchost.exe :: 7.82421875
1564 :: svchost.exe :: 2.77734375
1596 :: svchost.exe :: 1.55078125
1664 :: RadeonSettings.exe :: 207.96484375
1676 :: svchost.exe :: 2.859375
1688 :: svchost.exe :: 1.66796875
1764 :: svchost.exe :: 4.828125
1796 :: svchost.exe :: 1.76953125
1804 :: svchost.exe :: 2.515625
1812 :: svchost.exe :: 2.0390625
1820 :: svchost.exe :: 15.49609375
1828 :: svchost.exe :: 5.078125
1836 :: svchost.exe :: 1.97265625
1868 :: svchost.exe :: 3.7265625
2024 :: svchost.exe :: 4.1171875
2124 :: SkypeBackgroundHost.exe :: 1.984375
2132 :: svchost.exe :: 1.47265625
2156 :: atiesrxx.exe :: 1.46484375
2204 :: svchost.exe :: 1.64453125
2232 :: svchost.exe :: 2.23046875
2256 :: RuntimeBroker.exe :: 10.3125
2260 :: svchost.exe :: 8.140625
2340 :: svchost.exe :: 13.9453125
2368 :: svchost.exe :: 2.390625
2440 :: svchost.exe :: 3.70703125
2488 :: chrome.exe :: 30.06640625
2572 :: svchost.exe :: 3.8671875
2624 :: svchost.exe :: 3.44140625
2736 :: svchost.exe :: 80.93359375
2752 :: svchost.exe :: 1.93359375
2760 :: svchost.exe :: 1.3046875
2828 :: MemCompression :: 1.69140625
2860 :: svchost.exe :: 1.94921875
2912 :: svchost.exe :: 1.9609375
2916 :: svchost.exe :: 2.00390625
2932 :: SecurityHealthSystray.exe :: 3.1328125
2984 :: svchost.exe :: 4.703125
3056 :: svchost.exe :: 7.828125
3068 :: svchost.exe :: 2.5625
3124 :: svchost.exe :: 1.62890625
3136 :: svchost.exe :: 2.24609375
3152 :: winpty-agent.exe :: 2.140625
3256 :: svchost.exe :: 2.5546875
3316 :: epsecurityservice.exe :: 691.765625
3328 :: svchost.exe :: 8.0
3448 :: spoolsv.exe :: 5.24609375
3548 :: armsvc.exe :: 1.359375
3560 :: com.docker.service :: 62.19140625
3568 :: svchost.exe :: 5.46484375
3628 :: svchost.exe :: 18.7734375
3636 :: svchost.exe :: 32.40234375
3816 :: svchost.exe :: 2.3203125
3848 :: svchost.exe :: 1.53125
3888 :: sqlwriter.exe :: 1.88671875
3900 :: svchost.exe :: 1.5546875
3952 :: svchost.exe :: 1.8828125
3980 :: svchost.exe :: 1.26171875
3992 :: svchost.exe :: 5.4765625
4060 :: python.exe :: 1.0390625
4072 :: svchost.exe :: 4.1015625
4208 :: svchost.exe :: 3.38671875
4244 :: SkypeApp.exe :: 14.984375
4248 :: svchost.exe :: 3.41015625
4276 :: svchost.exe :: 1.20703125
4284 :: RuntimeBroker.exe :: 2.9453125
4468 :: mongod.exe :: 187.875
5248 :: svchost.exe :: 7.1796875
5304 :: svchost.exe :: 7.5234375
5360 :: svchost.exe :: 12.0234375
5396 :: svchost.exe :: 2.11328125
5744 :: svchost.exe :: 5.921875
5756 :: sqlceip.exe :: 41.1640625
5944 :: sqlservr.exe :: 327.19921875
6136 :: conhost.exe :: 7.234375
6164 :: pycharm64.exe :: 693.84765625
6236 :: svchost.exe :: 3.80859375
6412 :: conhost.exe :: 6.359375
6420 :: svchost.exe :: 3.0390625
6432 :: svchost.exe :: 3.890625
6588 :: svchost.exe :: 3.08984375
6620 :: fdlauncher.exe :: 1.0234375
6644 :: Launchpad.exe :: 58.10546875
6672 :: fdhost.exe :: 1.97265625
6680 :: conhost.exe :: 6.27734375
6800 :: SearchIndexer.exe :: 112.81640625
7048 :: svchost.exe :: 3.1953125
7160 :: svchost.exe :: 2.78515625
7228 :: RtkNGUI64.exe :: 8.125
7340 :: svchost.exe :: 6.0859375
7444 :: conhost.exe :: 5.47265625
7544 :: conhost.exe :: 6.37109375
7660 :: explorer.exe :: 85.80078125
7756 :: epintegrationservice.exe :: 10.01171875
7904 :: atieclxx.exe :: 2.42578125
7928 :: svchost.exe :: 3.9765625
7988 :: RuntimeBroker.exe :: 8.2421875
8200 :: svchost.exe :: 2.890625
8212 :: chrome.exe :: 20.9296875
8240 :: chrome.exe :: 369.9921875
8304 :: CompPkgSrv.exe :: 2.9296875
8360 :: chrome.exe :: 1.64453125
8412 :: bdredline.exe :: 3.87890625
8464 :: python.exe :: 7.6640625
8516 :: svchost.exe :: 3.68359375
8608 :: OneDrive.exe :: 38.625
8652 :: chrome.exe :: 365.96484375
8656 :: SearchProtocolHost.exe :: 4.09375
8704 :: RuntimeBroker.exe :: 6.24609375
9368 :: chrome.exe :: 6.0625
9380 :: svchost.exe :: 2.515625
9564 :: SecurityHealthService.exe :: 6.01953125
9604 :: taskhostw.exe :: 5.40625
9768 :: epconsole.exe :: 28.9453125
9852 :: firefox.exe :: 74.875
9956 :: svchost.exe :: 3.484375
9964 :: amdow.exe :: 2.28515625
10132 :: RuntimeBroker.exe :: 4.5078125
10236 :: WmiPrvSE.exe :: 5.5390625
10352 :: LockApp.exe :: 12.54296875
10744 :: RuntimeBroker.exe :: 3.71484375
10780 :: ctfmon.exe :: 9.84765625
10948 :: chrome.exe :: 63.203125
11000 :: epag.exe :: 9.65625
11008 :: firefox.exe :: 40.56640625
11044 :: StartMenuExperienceHost.exe :: 18.48828125
11280 :: conhost.exe :: 6.43359375
11360 :: SettingSyncHost.exe :: 3.37109375
11404 :: svchost.exe :: 10.8984375
11480 :: svchost.exe :: 18.921875
11564 :: svchost.exe :: 9.7265625
11620 :: dwm.exe :: 57.0546875
11688 :: downloader.exe :: 4.76171875
11788 :: chrome.exe :: 26.671875
11880 :: AMDRSServ.exe :: 123.41796875
11896 :: firefox.exe :: 192.39453125
11948 :: svchost.exe :: 4.5
12416 :: chrome.exe :: 1.90625
12588 :: svchost.exe :: 4.01171875
12972 :: firefox.exe :: 36.00390625
13104 :: sihost.exe :: 7.28515625
13524 :: SearchUI.exe :: 81.328125
13548 :: jucheck.exe :: 3.63671875
13652 :: firefox.exe :: 29.30859375
13656 :: RuntimeBroker.exe :: 5.26171875
13912 :: epprotectedservice.exe :: 6.109375
14108 :: dllhost.exe :: 3.5625
14164 :: taskhostw.exe :: 7.75
14212 :: cmd.exe :: 2.01171875
14740 :: winlogon.exe :: 2.21875
15048 :: svchost.exe :: 9.02734375
15340 :: epupdateservice.exe :: 6.4140625
15552 :: firefox.exe :: 22.15234375
15556 :: SearchFilterHost.exe :: 3.44140625
15760 :: YourPhone.exe :: 12.91015625
16036 :: fsnotifier64.exe :: 0.49609375
16048 :: chrome.exe :: 60.4375
16264 :: fontdrvhost.exe :: 4.1640625
16360 :: chrome.exe :: 12.73828125
0 :: System Idle Process :: 0.05859375
4 :: System :: 0.23046875
96 :: Registry :: 9.46875
228 :: chrome.exe :: 89.41796875
452 :: rundll32.exe :: 3.6796875
464 :: smss.exe :: 1.125
488 :: fontdrvhost.exe :: 1.2421875
680 :: csrss.exe :: 1.92578125
684 :: SgrmBroker.exe :: 3.38671875
692 :: jusched.exe :: 4.25
708 :: csrss.exe :: 2.39453125
728 :: svchost.exe :: 9.40234375
748 :: chrome.exe :: 61.0703125
792 :: svchost.exe :: 2.32421875
796 :: wininit.exe :: 1.5703125
868 :: services.exe :: 6.546875
876 :: lsass.exe :: 9.32421875
912 :: svchost.exe :: 3.578125
1000 :: svchost.exe :: 0.875
1020 :: svchost.exe :: 21.140625
1228 :: svchost.exe :: 5.57421875
1252 :: svchost.exe :: 3.453125
1264 :: svchost.exe :: 3.5703125
1328 :: svchost.exe :: 6.83203125
1456 :: svchost.exe :: 2.28515625
1492 :: svchost.exe :: 7.8203125
1564 :: svchost.exe :: 2.77734375
1596 :: svchost.exe :: 1.55078125
1664 :: RadeonSettings.exe :: 207.94140625
1676 :: svchost.exe :: 2.85546875
1688 :: svchost.exe :: 1.66796875
1764 :: svchost.exe :: 4.828125
1796 :: svchost.exe :: 1.76953125
1804 :: svchost.exe :: 2.6796875
1812 :: svchost.exe :: 2.0390625
1820 :: svchost.exe :: 15.34375
1828 :: svchost.exe :: 5.0234375
1836 :: svchost.exe :: 1.97265625
1868 :: svchost.exe :: 3.80859375
2024 :: svchost.exe :: 4.10546875
2124 :: SkypeBackgroundHost.exe :: 1.984375
2132 :: svchost.exe :: 1.47265625
2156 :: atiesrxx.exe :: 1.46484375
2204 :: svchost.exe :: 1.64453125
2232 :: svchost.exe :: 2.234375
2256 :: RuntimeBroker.exe :: 10.1796875
2260 :: svchost.exe :: 8.19140625
2272 :: python.exe :: 0.96484375
2340 :: svchost.exe :: 13.9609375
2368 :: svchost.exe :: 2.390625
2440 :: svchost.exe :: 3.70703125
2488 :: chrome.exe :: 30.15234375
2572 :: svchost.exe :: 3.8671875
2624 :: svchost.exe :: 3.44140625
2736 :: svchost.exe :: 82.24609375
2752 :: svchost.exe :: 1.93359375
2760 :: svchost.exe :: 1.3046875
2828 :: MemCompression :: 1.6953125
2860 :: svchost.exe :: 1.94921875
2912 :: svchost.exe :: 1.9609375
2916 :: svchost.exe :: 2.0078125
2932 :: SecurityHealthSystray.exe :: 3.1328125
2984 :: svchost.exe :: 4.64453125
3056 :: svchost.exe :: 7.546875
3068 :: svchost.exe :: 2.5625
3124 :: svchost.exe :: 1.62109375
3136 :: svchost.exe :: 2.24609375
3152 :: winpty-agent.exe :: 2.140625
3256 :: svchost.exe :: 2.50390625
3316 :: epsecurityservice.exe :: 780.125
3328 :: svchost.exe :: 7.19140625
3448 :: spoolsv.exe :: 5.24609375
3548 :: armsvc.exe :: 1.359375
3560 :: com.docker.service :: 62.19140625
3568 :: svchost.exe :: 5.47265625
3628 :: svchost.exe :: 18.9296875
3636 :: svchost.exe :: 25.1015625
3816 :: svchost.exe :: 2.3125
3848 :: svchost.exe :: 1.53125
3888 :: sqlwriter.exe :: 1.88671875
3900 :: svchost.exe :: 1.5546875
3952 :: svchost.exe :: 1.8828125
3980 :: svchost.exe :: 1.26171875
3992 :: svchost.exe :: 5.734375
4072 :: svchost.exe :: 4.2265625
4084 :: SearchFilterHost.exe :: 2.66015625
4208 :: svchost.exe :: 3.38671875
4244 :: SkypeApp.exe :: 14.984375
4248 :: svchost.exe :: 3.41015625
4276 :: svchost.exe :: 1.20703125
4284 :: RuntimeBroker.exe :: 3.015625
4468 :: mongod.exe :: 187.875
5248 :: svchost.exe :: 7.16796875
5304 :: svchost.exe :: 7.5234375
5360 :: svchost.exe :: 12.0234375
5396 :: svchost.exe :: 2.0546875
5744 :: svchost.exe :: 6.01953125
5756 :: sqlceip.exe :: 41.44921875
5944 :: sqlservr.exe :: 324.99609375
6136 :: conhost.exe :: 7.234375
6164 :: pycharm64.exe :: 753.33203125
6236 :: svchost.exe :: 3.80859375
6420 :: svchost.exe :: 3.0546875
6432 :: svchost.exe :: 3.94140625
6588 :: svchost.exe :: 3.17578125
6620 :: fdlauncher.exe :: 1.0234375
6644 :: Launchpad.exe :: 58.10546875
6672 :: fdhost.exe :: 1.97265625
6680 :: conhost.exe :: 6.27734375
6800 :: SearchIndexer.exe :: 114.37890625
7048 :: svchost.exe :: 3.1953125
7160 :: svchost.exe :: 2.83984375
7228 :: RtkNGUI64.exe :: 8.02734375
7340 :: svchost.exe :: 6.09375
7444 :: conhost.exe :: 5.47265625
7544 :: conhost.exe :: 6.37109375
7576 :: audiodg.exe :: 10.203125
7660 :: explorer.exe :: 84.44921875
7756 :: epintegrationservice.exe :: 10.0078125
7904 :: atieclxx.exe :: 2.42578125
7928 :: svchost.exe :: 3.9765625
7988 :: RuntimeBroker.exe :: 8.23828125
8200 :: svchost.exe :: 2.890625
8212 :: chrome.exe :: 21.25390625
8240 :: chrome.exe :: 391.453125
8304 :: CompPkgSrv.exe :: 2.9296875
8360 :: chrome.exe :: 1.64453125
8412 :: bdredline.exe :: 3.87890625
8516 :: svchost.exe :: 3.68359375
8608 :: OneDrive.exe :: 38.625
8652 :: chrome.exe :: 381.0078125
8656 :: SearchProtocolHost.exe :: 4.54296875
8704 :: RuntimeBroker.exe :: 6.3203125
9368 :: chrome.exe :: 6.35546875
9380 :: svchost.exe :: 2.48828125
9564 :: SecurityHealthService.exe :: 6.01953125
9604 :: taskhostw.exe :: 5.40625
9752 :: conhost.exe :: 6.453125
9768 :: epconsole.exe :: 28.953125
9852 :: firefox.exe :: 74.89453125
9956 :: svchost.exe :: 3.58984375
9964 :: amdow.exe :: 2.28515625
10132 :: RuntimeBroker.exe :: 4.5078125
10184 :: chrome.exe :: 12.83984375
10352 :: LockApp.exe :: 12.54296875
10744 :: RuntimeBroker.exe :: 3.78125
10780 :: ctfmon.exe :: 10.3984375
10948 :: chrome.exe :: 63.96875
11000 :: epag.exe :: 9.74609375
11008 :: firefox.exe :: 40.80078125
11044 :: StartMenuExperienceHost.exe :: 18.45703125
11360 :: SettingSyncHost.exe :: 3.37109375
11404 :: svchost.exe :: 10.890625
11480 :: svchost.exe :: 19.0859375
11564 :: svchost.exe :: 9.7265625
11620 :: dwm.exe :: 54.85546875
11788 :: chrome.exe :: 26.69140625
11880 :: AMDRSServ.exe :: 123.4140625
11896 :: firefox.exe :: 194.04296875
11948 :: svchost.exe :: 4.5
12416 :: chrome.exe :: 1.90625
12588 :: svchost.exe :: 3.7734375
12972 :: firefox.exe :: 36.00390625
13104 :: sihost.exe :: 7.28125
13524 :: SearchUI.exe :: 81.328125
13548 :: jucheck.exe :: 3.63671875
13652 :: firefox.exe :: 29.32421875
13656 :: RuntimeBroker.exe :: 5.203125
13828 :: python.exe :: 7.63671875
13912 :: epprotectedservice.exe :: 6.1640625
14108 :: dllhost.exe :: 3.5625
14164 :: taskhostw.exe :: 7.69921875
14212 :: cmd.exe :: 2.01953125
14740 :: winlogon.exe :: 2.4453125
15048 :: svchost.exe :: 8.91015625
15144 :: WmiPrvSE.exe :: 5.28515625
15340 :: epupdateservice.exe :: 6.40625
15552 :: firefox.exe :: 22.09375
15760 :: YourPhone.exe :: 12.91015625
16036 :: fsnotifier64.exe :: 0.49609375
16048 :: chrome.exe :: 57.12890625
16264 :: fontdrvhost.exe :: 4.1640625
